[2018-08-15 09:19:01]: 日志文件: logs\2018-08-15.log
[2018-08-15 09:19:03]: 检测到系统中已经安装wx模块
[2018-08-15 09:19:03]: 检测到系统中已经安装pymysql模块
[2018-08-15 09:19:03]: 执行环境完全, 将选择启动程序
[2018-08-15 09:19:03]: 检测到为windows系统(Windows-10-10.0.17134-SP0)
[2018-08-15 09:19:03]: 检测结果intIndex: 1
[2018-08-15 09:19:03]: 配置文件已经存在(conf\dbp.conf)
[2018-08-15 09:19:03]: 执行启动界面...
[2018-08-15 09:19:03]: 将启动子线程thread-log(读取渲染日志内容)
[2018-08-15 09:19:03]: 子线程thread-log已启动
[2018-08-15 09:19:09]: press in 104-全选
[2018-08-15 09:19:09]: 全选个数: 0
[2018-08-15 09:19:11]: press in 105-反选
[2018-08-15 09:19:11]: 反选个数: 0
[2018-08-15 09:19:14]: press in 103-关于工具
[2018-08-15 09:19:15]: press in 301-确定
[2018-08-15 09:19:17]: press in 101-连接
[2018-08-15 09:19:17]: 配置文件中读取到的配置有: {'name': 'test-180814-1', 'path': 'D:\\Test\\export\\DBProduce', 'type': 'md', 'password': 'cg082702', 'user': 'root', 'port': '3306', 'host': '127.0.0.1'}
[2018-08-15 09:19:19]: press in 207-取消
[2018-08-15 09:19:21]: press in 5006-退出
[2018-08-15 09:19:22]: press in 303-取消
[2018-08-15 09:19:30]: press in 103-关于工具
[2018-08-15 09:19:32]: press in 301-确定
[2018-08-15 09:24:16]: press in 104-全选
[2018-08-15 09:24:16]: 全选个数: 0
[2018-08-15 09:24:22]: press in 103-关于工具
[2018-08-15 09:24:24]: press in 301-确定
[2018-08-15 09:24:24]: press in 107-确认导出
[2018-08-15 09:24:24]: 配置文件中读取到的配置有: {'name': 'test-180814-1', 'path': 'D:\\Test\\export\\DBProduce', 'type': 'md', 'password': 'cg082702', 'user': 'root', 'port': '3306', 'host': '127.0.0.1'}
[2018-08-15 09:24:24]: 未选中具体数据库
[2018-08-15 09:24:26]: press in 301-确定
[2018-08-15 09:24:33]: press in 101-连接
[2018-08-15 09:24:33]: 配置文件中读取到的配置有: {'name': 'test-180814-1', 'path': 'D:\\Test\\export\\DBProduce', 'type': 'md', 'password': 'cg082702', 'user': 'root', 'port': '3306', 'host': '127.0.0.1'}
[2018-08-15 09:24:38]: press in 207-取消
[2018-08-15 09:26:40]: press in 5006-退出
[2018-08-15 09:26:41]: press in 302-确定
[2018-08-15 09:26:41]: booleanGetTailExit: True
[2018-08-15 09:26:41]: threading event is set, 线程将退出
[2018-08-15 09:26:41]: 程序退出
[2018-08-15 09:26:44]: 日志文件: logs\2018-08-15.log
[2018-08-15 09:26:44]: 检测到系统中已经安装wx模块
[2018-08-15 09:26:44]: 检测到系统中已经安装pymysql模块
[2018-08-15 09:26:44]: 执行环境完全, 将选择启动程序
[2018-08-15 09:26:44]: 检测到为windows系统(Windows-10-10.0.17134-SP0)
[2018-08-15 09:26:44]: 检测结果intIndex: 1
[2018-08-15 09:26:44]: 配置文件已经存在(conf\dbp.conf)
[2018-08-15 09:26:44]: 执行启动界面...
[2018-08-15 09:26:44]: 将启动子线程thread-log(读取渲染日志内容)
[2018-08-15 09:26:44]: 子线程thread-log已启动
[2018-08-15 09:27:04]: press in 101-连接
[2018-08-15 09:27:04]: 配置文件中读取到的配置有: {'path': 'D:\\Test\\export\\DBProduce', 'user': 'root', 'password': 'cg082702', 'port': '3306', 'name': 'test-180814-1', 'host': '127.0.0.1', 'type': 'md'}
[2018-08-15 09:27:06]: press in 206-确定
[2018-08-15 09:27:06]: 数据库已连接
[2018-08-15 09:27:06]: searchValuesObj.connectionMysqlObj: <pymysql.connections.Connection object at 0x000001811377F470>
[2018-08-15 09:27:06]: 数据库连接成功
[2018-08-15 09:27:06]: 执行数据库查询语句: /*
describe: get total database name
author: cg
create time: 2018-08-09
*/


SELECT
	`SCHEMA_NAME` AS databaseName
FROM
	`information_schema`.`SCHEMATA`
[2018-08-15 09:27:06]: 查到的数据: [OrderedDict([('databaseName', 'information_schema')]), OrderedDict([('databaseName', 'blog')]), OrderedDict([('databaseName', 'do_myself')]), OrderedDict([('databaseName', 'htg-dev-local')]), OrderedDict([('databaseName', 'htg-for-test')]), OrderedDict([('databaseName', 'mysql')]), OrderedDict([('databaseName', 'performance_schema')]), OrderedDict([('databaseName', 'sakila')]), OrderedDict([('databaseName', 'sys')]), OrderedDict([('databaseName', 'world')])]
[2018-08-15 09:27:06]: 查询得到的库的个数: 10
[2018-08-15 09:27:06]: 已为主面板中的下拉框设置内容项, arrItems: ['information_schema', 'blog', 'do_myself', 'htg-dev-local', 'htg-for-test', 'mysql', 'performance_schema', 'sakila', 'sys', 'world']
[2018-08-15 09:27:06]: 总共元素个数为: 10
[2018-08-15 09:27:11]: <class 'wx._core.ComboBox'>
[2018-08-15 09:27:11]: 下拉框选择: do_myself
[2018-08-15 09:27:11]: 执行数据库查询语句: /*
describe: get total table name from database
author: cg
create time: 2018-06-12
*/

SELECT
	TABLE_NAME AS tableName
FROM
	information_schema.`TABLES`
WHERE
	TABLE_SCHEMA = 'do_myself'
[2018-08-15 09:27:11]: 查到的数据: [OrderedDict([('tableName', 'htg_activity')]), OrderedDict([('tableName', 'htg_activity_enroll_copy1')]), OrderedDict([('tableName', 'htg_daily_service_base')]), OrderedDict([('tableName', 'htg_face_log')]), OrderedDict([('tableName', 'htg_holiday_date')]), OrderedDict([('tableName', 'htg_shop')]), OrderedDict([('tableName', 'oss_base_area')])]
[2018-08-15 09:27:11]: 查询得到的表个数: 7
[2018-08-15 09:27:11]: 已为主面板中的复选列表框设置内容项, arrItems: ['htg_activity', 'htg_activity_enroll_copy1', 'htg_daily_service_base', 'htg_face_log', 'htg_holiday_date', 'htg_shop', 'oss_base_area']
[2018-08-15 09:27:11]: 总共元素个数为: 7
[2018-08-15 09:27:25]: press in 5006-退出
[2018-08-15 09:27:26]: press in 302-确定
[2018-08-15 09:27:26]: booleanGetTailExit: True
[2018-08-15 09:27:26]: threading event is set, 线程将退出
[2018-08-15 09:27:26]: 数据库连接已关闭
[2018-08-15 09:27:26]: 程序退出
[2018-08-15 09:32:35]: 日志文件: logs\2018-08-15.log
[2018-08-15 09:32:36]: 检测到系统中已经安装wx模块
[2018-08-15 09:32:36]: 检测到系统中已经安装pymysql模块
[2018-08-15 09:32:36]: 执行环境完全, 将选择启动程序
[2018-08-15 09:32:36]: 检测到为windows系统(Windows-10-10.0.17134-SP0)
[2018-08-15 09:32:36]: 检测结果intIndex: 1
[2018-08-15 09:32:36]: 配置文件已经存在(conf\dbp.conf)
[2018-08-15 09:32:36]: 执行启动界面...
[2018-08-15 09:32:36]: 将启动子线程thread-log(读取渲染日志内容)
[2018-08-15 09:32:36]: 子线程thread-log已启动
[2018-08-15 09:32:37]: <class 'wx._core.ComboBox'>
[2018-08-15 09:32:40]: <class 'wx._core.ComboBox'>
[2018-08-15 09:32:42]: <class 'wx._core.ComboBox'>
[2018-08-15 09:32:44]: <class 'wx._core.ComboBox'>
[2018-08-15 09:32:48]: <class 'wx._core.ComboBox'>
[2018-08-15 09:32:53]: <class 'wx._core.ComboBox'>
[2018-08-15 09:33:01]: <class 'wx._core.ComboBox'>
[2018-08-15 09:33:07]: <class 'wx._core.ComboBox'>
[2018-08-15 09:33:22]: press in 5006-退出
[2018-08-15 09:33:23]: press in 302-确定
[2018-08-15 09:33:23]: booleanGetTailExit: True
[2018-08-15 09:33:23]: threading event is set, 线程将退出
[2018-08-15 09:33:23]: 程序退出
[2018-08-15 09:33:26]: 日志文件: logs\2018-08-15.log
[2018-08-15 09:33:26]: 检测到系统中已经安装wx模块
[2018-08-15 09:33:26]: 检测到系统中已经安装pymysql模块
[2018-08-15 09:33:26]: 执行环境完全, 将选择启动程序
[2018-08-15 09:33:26]: 检测到为windows系统(Windows-10-10.0.17134-SP0)
[2018-08-15 09:33:26]: 检测结果intIndex: 1
[2018-08-15 09:33:26]: 配置文件已经存在(conf\dbp.conf)
[2018-08-15 09:33:26]: 执行启动界面...
[2018-08-15 09:33:26]: 将启动子线程thread-log(读取渲染日志内容)
[2018-08-15 09:33:26]: 子线程thread-log已启动
[2018-08-15 09:33:28]: <class 'wx._core.ComboBox'>
[2018-08-15 09:33:30]: <class 'wx._core.ComboBox'>
[2018-08-15 09:33:33]: <class 'wx._core.ComboBox'>
[2018-08-15 09:33:42]: <class 'wx._core.ComboBox'>
[2018-08-15 09:35:48]: press in 101-连接
[2018-08-15 09:35:48]: 配置文件中读取到的配置有: {'password': 'cg082702', 'name': 'test-180814-1', 'port': '3306', 'type': 'md', 'path': 'D:\\Test\\export\\DBProduce', 'host': '127.0.0.1', 'user': 'root'}
[2018-08-15 09:35:49]: press in 207-取消
[2018-08-15 09:35:51]: press in 5006-退出
[2018-08-15 09:35:52]: press in 302-确定
[2018-08-15 09:35:52]: booleanGetTailExit: True
[2018-08-15 09:35:52]: threading event is set, 线程将退出
[2018-08-15 09:35:52]: 程序退出
[2018-08-15 09:35:53]: 日志文件: logs\2018-08-15.log
[2018-08-15 09:35:54]: 检测到系统中已经安装wx模块
[2018-08-15 09:35:54]: 检测到系统中已经安装pymysql模块
[2018-08-15 09:35:54]: 执行环境完全, 将选择启动程序
[2018-08-15 09:35:54]: 检测到为windows系统(Windows-10-10.0.17134-SP0)
[2018-08-15 09:35:54]: 检测结果intIndex: 1
[2018-08-15 09:35:54]: 配置文件已经存在(conf\dbp.conf)
[2018-08-15 09:35:54]: 执行启动界面...
[2018-08-15 09:35:54]: 将启动子线程thread-log(读取渲染日志内容)
[2018-08-15 09:35:54]: 子线程thread-log已启动
[2018-08-15 09:35:56]: <class 'wx._core.ComboBox'>
[2018-08-15 09:35:56]: 请先连接数据库
[2018-08-15 09:36:11]: press in 301-确定
[2018-08-15 09:36:13]: press in 5006-退出
[2018-08-15 09:36:14]: press in 302-确定
[2018-08-15 09:36:14]: booleanGetTailExit: True
[2018-08-15 09:36:14]: threading event is set, 线程将退出
[2018-08-15 09:36:14]: 程序退出
[2018-08-15 09:36:31]: 日志文件: logs\2018-08-15.log
[2018-08-15 09:36:32]: 检测到系统中已经安装wx模块
[2018-08-15 09:36:32]: 检测到系统中已经安装pymysql模块
[2018-08-15 09:36:32]: 执行环境完全, 将选择启动程序
[2018-08-15 09:36:32]: 检测到为windows系统(Windows-10-10.0.17134-SP0)
[2018-08-15 09:36:32]: 检测结果intIndex: 1
[2018-08-15 09:36:32]: 配置文件已经存在(conf\dbp.conf)
[2018-08-15 09:36:32]: 执行启动界面...
[2018-08-15 09:36:32]: 将启动子线程thread-log(读取渲染日志内容)
[2018-08-15 09:36:32]: 子线程thread-log已启动
[2018-08-15 09:36:34]: <class 'wx._core.ComboBox'>
[2018-08-15 09:36:34]: 请先连接数据库
[2018-08-15 09:36:37]: press in 301-确定
[2018-08-15 09:36:40]: <class 'wx._core.ComboBox'>
[2018-08-15 09:36:40]: 请先连接数据库
[2018-08-15 09:36:42]: press in 301-确定
[2018-08-15 09:37:03]: <class 'wx._core.ComboBox'>
[2018-08-15 09:37:03]: 请先连接数据库
[2018-08-15 09:37:04]: press in 301-确定
[2018-08-15 09:39:37]: press in 5006-退出
[2018-08-15 09:39:38]: press in 302-确定
[2018-08-15 09:39:38]: booleanGetTailExit: True
[2018-08-15 09:39:38]: threading event is set, 线程将退出
[2018-08-15 09:39:38]: 程序退出
[2018-08-15 09:40:28]: 日志文件: logs\2018-08-15.log
[2018-08-15 09:40:28]: 检测到系统中已经安装wx模块
[2018-08-15 09:40:28]: 检测到系统中已经安装pymysql模块
[2018-08-15 09:40:28]: 执行环境完全, 将选择启动程序
[2018-08-15 09:40:28]: 检测到为windows系统(Windows-10-10.0.17134-SP0)
[2018-08-15 09:40:28]: 检测结果intIndex: 1
[2018-08-15 09:40:28]: 配置文件已经存在(conf\dbp.conf)
[2018-08-15 09:40:28]: 执行启动界面...
[2018-08-15 09:40:28]: 将启动子线程thread-log(读取渲染日志内容)
[2018-08-15 09:40:28]: 子线程thread-log已启动
[2018-08-15 09:40:30]: <class 'wx._core.ComboBox'>
[2018-08-15 09:40:30]: <class 'wx._core.ComboBox'>
[2018-08-15 09:40:30]: <class 'wx._core.ComboBox'>
[2018-08-15 09:40:30]: <class 'wx._core.ComboBox'>
[2018-08-15 09:40:30]: <class 'wx._core.ComboBox'>
[2018-08-15 09:40:30]: <class 'wx._core.ComboBox'>
[2018-08-15 09:40:30]: <class 'wx._core.ComboBox'>
[2018-08-15 09:40:30]: <class 'wx._core.ComboBox'>
[2018-08-15 09:40:30]: <class 'wx._core.ComboBox'>
[2018-08-15 09:40:30]: <class 'wx._core.ComboBox'>
[2018-08-15 09:40:30]: <class 'wx._core.ComboBox'>
[2018-08-15 09:40:30]: <class 'wx._core.ComboBox'>
[2018-08-15 09:40:30]: <class 'wx._core.ComboBox'>
[2018-08-15 09:40:30]: <class 'wx._core.ComboBox'>
[2018-08-15 09:40:30]: <class 'wx._core.ComboBox'>
[2018-08-15 09:40:30]: <class 'wx._core.ComboBox'>
[2018-08-15 09:40:30]: <class 'wx._core.ComboBox'>
[2018-08-15 09:40:30]: <class 'wx._core.ComboBox'>
[2018-08-15 09:40:30]: <class 'wx._core.ComboBox'>
[2018-08-15 09:40:30]: <class 'wx._core.ComboBox'>
[2018-08-15 09:40:30]: <class 'wx._core.ComboBox'>
[2018-08-15 09:40:30]: <class 'wx._core.ComboBox'>
[2018-08-15 09:40:30]: <class 'wx._core.ComboBox'>
[2018-08-15 09:40:30]: <class 'wx._core.ComboBox'>
[2018-08-15 09:40:30]: <class 'wx._core.ComboBox'>
[2018-08-15 09:40:30]: <class 'wx._core.ComboBox'>
[2018-08-15 09:40:30]: <class 'wx._core.ComboBox'>
[2018-08-15 09:40:30]: <class 'wx._core.ComboBox'>
[2018-08-15 09:40:30]: <class 'wx._core.ComboBox'>
[2018-08-15 09:40:30]: <class 'wx._core.ComboBox'>
[2018-08-15 09:40:30]: <class 'wx._core.ComboBox'>
[2018-08-15 09:40:30]: <class 'wx._core.ComboBox'>
[2018-08-15 09:40:31]: <class 'wx._core.ComboBox'>
[2018-08-15 09:40:31]: <class 'wx._core.ComboBox'>
[2018-08-15 09:40:31]: <class 'wx._core.ComboBox'>
[2018-08-15 09:40:31]: <class 'wx._core.ComboBox'>
[2018-08-15 09:40:31]: <class 'wx._core.ComboBox'>
[2018-08-15 09:40:31]: <class 'wx._core.ComboBox'>
[2018-08-15 09:40:31]: <class 'wx._core.ComboBox'>
[2018-08-15 09:40:31]: <class 'wx._core.ComboBox'>
[2018-08-15 09:40:31]: <class 'wx._core.ComboBox'>
[2018-08-15 09:40:31]: <class 'wx._core.ComboBox'>
[2018-08-15 09:40:31]: <class 'wx._core.ComboBox'>
[2018-08-15 09:40:31]: <class 'wx._core.ComboBox'>
[2018-08-15 09:40:31]: <class 'wx._core.ComboBox'>
[2018-08-15 09:40:31]: <class 'wx._core.ComboBox'>
[2018-08-15 09:40:31]: <class 'wx._core.ComboBox'>
[2018-08-15 09:40:31]: <class 'wx._core.ComboBox'>
[2018-08-15 09:40:31]: <class 'wx._core.ComboBox'>
[2018-08-15 09:40:31]: <class 'wx._core.ComboBox'>
[2018-08-15 09:40:31]: <class 'wx._core.ComboBox'>
[2018-08-15 09:40:31]: <class 'wx._core.ComboBox'>
[2018-08-15 09:40:31]: <class 'wx._core.ComboBox'>
[2018-08-15 09:40:31]: <class 'wx._core.ComboBox'>
[2018-08-15 09:40:31]: <class 'wx._core.ComboBox'>
[2018-08-15 09:40:31]: <class 'wx._core.ComboBox'>
[2018-08-15 09:40:31]: <class 'wx._core.ComboBox'>
[2018-08-15 09:40:31]: <class 'wx._core.ComboBox'>
[2018-08-15 09:40:31]: <class 'wx._core.ComboBox'>
[2018-08-15 09:40:31]: <class 'wx._core.ComboBox'>
[2018-08-15 09:40:31]: <class 'wx._core.ComboBox'>
[2018-08-15 09:40:31]: <class 'wx._core.ComboBox'>
[2018-08-15 09:40:31]: <class 'wx._core.ComboBox'>
[2018-08-15 09:40:31]: <class 'wx._core.ComboBox'>
[2018-08-15 09:40:31]: <class 'wx._core.ComboBox'>
[2018-08-15 09:40:31]: <class 'wx._core.ComboBox'>
[2018-08-15 09:40:31]: <class 'wx._core.ComboBox'>
[2018-08-15 09:40:31]: <class 'wx._core.ComboBox'>
[2018-08-15 09:40:31]: <class 'wx._core.ComboBox'>
[2018-08-15 09:40:31]: <class 'wx._core.ComboBox'>
[2018-08-15 09:40:31]: <class 'wx._core.ComboBox'>
[2018-08-15 09:40:31]: <class 'wx._core.ComboBox'>
[2018-08-15 09:40:31]: <class 'wx._core.ComboBox'>
[2018-08-15 09:40:31]: <class 'wx._core.ComboBox'>
[2018-08-15 09:40:31]: <class 'wx._core.ComboBox'>
[2018-08-15 09:40:31]: <class 'wx._core.ComboBox'>
[2018-08-15 09:40:31]: <class 'wx._core.ComboBox'>
[2018-08-15 09:40:31]: <class 'wx._core.ComboBox'>
[2018-08-15 09:40:31]: <class 'wx._core.ComboBox'>
[2018-08-15 09:40:31]: <class 'wx._core.ComboBox'>
[2018-08-15 09:40:31]: <class 'wx._core.ComboBox'>
[2018-08-15 09:40:31]: <class 'wx._core.ComboBox'>
[2018-08-15 09:40:31]: <class 'wx._core.ComboBox'>
[2018-08-15 09:40:31]: <class 'wx._core.ComboBox'>
[2018-08-15 09:40:31]: <class 'wx._core.ComboBox'>
[2018-08-15 09:40:31]: <class 'wx._core.ComboBox'>
[2018-08-15 09:40:31]: <class 'wx._core.ComboBox'>
[2018-08-15 09:40:32]: <class 'wx._core.ComboBox'>
[2018-08-15 09:40:32]: <class 'wx._core.ComboBox'>
[2018-08-15 09:40:32]: <class 'wx._core.ComboBox'>
[2018-08-15 09:40:32]: <class 'wx._core.ComboBox'>
[2018-08-15 09:40:32]: <class 'wx._core.ComboBox'>
[2018-08-15 09:40:32]: <class 'wx._core.ComboBox'>
[2018-08-15 09:40:32]: <class 'wx._core.ComboBox'>
[2018-08-15 09:40:32]: <class 'wx._core.ComboBox'>
[2018-08-15 09:40:32]: <class 'wx._core.ComboBox'>
[2018-08-15 09:40:32]: <class 'wx._core.ComboBox'>
[2018-08-15 09:40:32]: <class 'wx._core.ComboBox'>
[2018-08-15 09:40:32]: <class 'wx._core.ComboBox'>
[2018-08-15 09:40:32]: <class 'wx._core.ComboBox'>
[2018-08-15 09:40:32]: <class 'wx._core.ComboBox'>
[2018-08-15 09:40:32]: <class 'wx._core.ComboBox'>
[2018-08-15 09:40:32]: <class 'wx._core.ComboBox'>
[2018-08-15 09:40:32]: <class 'wx._core.ComboBox'>
[2018-08-15 09:40:32]: <class 'wx._core.ComboBox'>
[2018-08-15 09:40:32]: <class 'wx._core.ComboBox'>
[2018-08-15 09:40:32]: <class 'wx._core.ComboBox'>
[2018-08-15 09:40:32]: <class 'wx._core.ComboBox'>
[2018-08-15 09:40:32]: <class 'wx._core.ComboBox'>
[2018-08-15 09:40:32]: <class 'wx._core.ComboBox'>
[2018-08-15 09:40:32]: <class 'wx._core.ComboBox'>
[2018-08-15 09:40:32]: <class 'wx._core.ComboBox'>
[2018-08-15 09:40:32]: <class 'wx._core.ComboBox'>
[2018-08-15 09:40:32]: <class 'wx._core.ComboBox'>
[2018-08-15 09:40:32]: <class 'wx._core.ComboBox'>
[2018-08-15 09:40:32]: <class 'wx._core.ComboBox'>
[2018-08-15 09:40:32]: <class 'wx._core.ComboBox'>
[2018-08-15 09:40:32]: <class 'wx._core.ComboBox'>
[2018-08-15 09:40:32]: <class 'wx._core.ComboBox'>
[2018-08-15 09:40:32]: <class 'wx._core.ComboBox'>
[2018-08-15 09:40:32]: <class 'wx._core.ComboBox'>
[2018-08-15 09:40:32]: <class 'wx._core.ComboBox'>
[2018-08-15 09:40:32]: <class 'wx._core.ComboBox'>
[2018-08-15 09:40:32]: <class 'wx._core.ComboBox'>
[2018-08-15 09:40:32]: <class 'wx._core.ComboBox'>
[2018-08-15 09:40:32]: <class 'wx._core.ComboBox'>
[2018-08-15 09:40:32]: <class 'wx._core.ComboBox'>
[2018-08-15 09:40:32]: <class 'wx._core.ComboBox'>
[2018-08-15 09:40:32]: <class 'wx._core.ComboBox'>
[2018-08-15 09:40:32]: <class 'wx._core.ComboBox'>
[2018-08-15 09:40:32]: <class 'wx._core.ComboBox'>
[2018-08-15 09:40:32]: <class 'wx._core.ComboBox'>
[2018-08-15 09:40:32]: <class 'wx._core.ComboBox'>
[2018-08-15 09:40:32]: <class 'wx._core.ComboBox'>
[2018-08-15 09:40:33]: <class 'wx._core.ComboBox'>
[2018-08-15 09:40:33]: <class 'wx._core.ComboBox'>
[2018-08-15 09:40:33]: <class 'wx._core.ComboBox'>
[2018-08-15 09:40:33]: <class 'wx._core.ComboBox'>
[2018-08-15 09:40:33]: <class 'wx._core.ComboBox'>
[2018-08-15 09:40:33]: <class 'wx._core.ComboBox'>
[2018-08-15 09:40:33]: <class 'wx._core.ComboBox'>
[2018-08-15 09:40:33]: <class 'wx._core.ComboBox'>
[2018-08-15 09:40:33]: <class 'wx._core.ComboBox'>
[2018-08-15 09:40:33]: <class 'wx._core.ComboBox'>
[2018-08-15 09:40:33]: <class 'wx._core.ComboBox'>
[2018-08-15 09:40:33]: <class 'wx._core.ComboBox'>
[2018-08-15 09:40:33]: <class 'wx._core.ComboBox'>
[2018-08-15 09:40:33]: <class 'wx._core.ComboBox'>
[2018-08-15 09:40:33]: <class 'wx._core.ComboBox'>
[2018-08-15 09:40:33]: <class 'wx._core.ComboBox'>
[2018-08-15 09:40:33]: <class 'wx._core.ComboBox'>
[2018-08-15 09:40:33]: <class 'wx._core.ComboBox'>
[2018-08-15 09:40:33]: <class 'wx._core.ComboBox'>
[2018-08-15 09:40:33]: <class 'wx._core.ComboBox'>
[2018-08-15 09:40:33]: <class 'wx._core.ComboBox'>
[2018-08-15 09:40:33]: <class 'wx._core.ComboBox'>
[2018-08-15 09:40:33]: <class 'wx._core.ComboBox'>
[2018-08-15 09:40:33]: <class 'wx._core.ComboBox'>
[2018-08-15 09:40:33]: <class 'wx._core.ComboBox'>
[2018-08-15 09:40:33]: <class 'wx._core.ComboBox'>
[2018-08-15 09:40:33]: <class 'wx._core.ComboBox'>
[2018-08-15 09:40:33]: <class 'wx._core.ComboBox'>
[2018-08-15 09:40:33]: <class 'wx._core.ComboBox'>
[2018-08-15 09:40:33]: <class 'wx._core.ComboBox'>
[2018-08-15 09:40:33]: <class 'wx._core.ComboBox'>
[2018-08-15 09:40:33]: <class 'wx._core.ComboBox'>
[2018-08-15 09:40:33]: <class 'wx._core.ComboBox'>
[2018-08-15 09:40:33]: <class 'wx._core.ComboBox'>
[2018-08-15 09:40:33]: <class 'wx._core.ComboBox'>
[2018-08-15 09:40:33]: <class 'wx._core.ComboBox'>
[2018-08-15 09:40:33]: <class 'wx._core.ComboBox'>
[2018-08-15 09:40:33]: <class 'wx._core.ComboBox'>
[2018-08-15 09:40:33]: <class 'wx._core.ComboBox'>
[2018-08-15 09:40:33]: <class 'wx._core.ComboBox'>
[2018-08-15 09:40:33]: <class 'wx._core.ComboBox'>
[2018-08-15 09:40:33]: <class 'wx._core.ComboBox'>
[2018-08-15 09:40:33]: <class 'wx._core.ComboBox'>
[2018-08-15 09:40:33]: <class 'wx._core.ComboBox'>
[2018-08-15 09:40:33]: <class 'wx._core.ComboBox'>
[2018-08-15 09:40:33]: <class 'wx._core.ComboBox'>
[2018-08-15 09:40:33]: <class 'wx._core.ComboBox'>
[2018-08-15 09:40:33]: <class 'wx._core.ComboBox'>
[2018-08-15 09:40:34]: <class 'wx._core.ComboBox'>
[2018-08-15 09:40:34]: <class 'wx._core.ComboBox'>
[2018-08-15 09:40:34]: <class 'wx._core.ComboBox'>
[2018-08-15 09:40:34]: <class 'wx._core.ComboBox'>
[2018-08-15 09:40:34]: <class 'wx._core.ComboBox'>
[2018-08-15 09:40:34]: <class 'wx._core.ComboBox'>
[2018-08-15 09:40:34]: <class 'wx._core.ComboBox'>
[2018-08-15 09:40:34]: <class 'wx._core.ComboBox'>
[2018-08-15 09:40:34]: <class 'wx._core.ComboBox'>
[2018-08-15 09:40:34]: <class 'wx._core.ComboBox'>
[2018-08-15 09:40:34]: <class 'wx._core.ComboBox'>
[2018-08-15 09:40:34]: <class 'wx._core.ComboBox'>
[2018-08-15 09:40:34]: <class 'wx._core.ComboBox'>
[2018-08-15 09:40:34]: <class 'wx._core.ComboBox'>
[2018-08-15 09:40:34]: <class 'wx._core.ComboBox'>
[2018-08-15 09:40:34]: <class 'wx._core.ComboBox'>
[2018-08-15 09:40:34]: <class 'wx._core.ComboBox'>
[2018-08-15 09:40:34]: <class 'wx._core.ComboBox'>
[2018-08-15 09:40:34]: <class 'wx._core.ComboBox'>
[2018-08-15 09:40:34]: <class 'wx._core.ComboBox'>
[2018-08-15 09:40:34]: <class 'wx._core.ComboBox'>
[2018-08-15 09:40:34]: <class 'wx._core.ComboBox'>
[2018-08-15 09:40:34]: <class 'wx._core.ComboBox'>
[2018-08-15 09:40:34]: <class 'wx._core.ComboBox'>
[2018-08-15 09:40:34]: <class 'wx._core.ComboBox'>
[2018-08-15 09:40:34]: <class 'wx._core.ComboBox'>
[2018-08-15 09:40:34]: <class 'wx._core.ComboBox'>
[2018-08-15 09:40:34]: <class 'wx._core.ComboBox'>
[2018-08-15 09:40:34]: <class 'wx._core.ComboBox'>
[2018-08-15 09:40:34]: <class 'wx._core.ComboBox'>
[2018-08-15 09:40:34]: <class 'wx._core.ComboBox'>
[2018-08-15 09:40:34]: <class 'wx._core.ComboBox'>
[2018-08-15 09:40:34]: <class 'wx._core.ComboBox'>
[2018-08-15 09:40:34]: <class 'wx._core.ComboBox'>
[2018-08-15 09:40:34]: <class 'wx._core.ComboBox'>
[2018-08-15 09:40:34]: <class 'wx._core.ComboBox'>
[2018-08-15 09:40:34]: <class 'wx._core.ComboBox'>
[2018-08-15 09:40:34]: <class 'wx._core.ComboBox'>
[2018-08-15 09:40:34]: <class 'wx._core.ComboBox'>
[2018-08-15 09:40:34]: <class 'wx._core.ComboBox'>
[2018-08-15 09:40:34]: <class 'wx._core.ComboBox'>
[2018-08-15 09:40:34]: <class 'wx._core.ComboBox'>
[2018-08-15 09:40:34]: <class 'wx._core.ComboBox'>
[2018-08-15 09:40:34]: <class 'wx._core.ComboBox'>
[2018-08-15 09:40:34]: <class 'wx._core.ComboBox'>
[2018-08-15 09:40:34]: <class 'wx._core.ComboBox'>
[2018-08-15 09:40:34]: <class 'wx._core.ComboBox'>
[2018-08-15 09:40:34]: <class 'wx._core.ComboBox'>
[2018-08-15 09:40:34]: <class 'wx._core.ComboBox'>
[2018-08-15 09:40:35]: <class 'wx._core.ComboBox'>
[2018-08-15 09:40:35]: <class 'wx._core.ComboBox'>
[2018-08-15 09:40:35]: <class 'wx._core.ComboBox'>
[2018-08-15 09:40:35]: <class 'wx._core.ComboBox'>
[2018-08-15 09:40:35]: <class 'wx._core.ComboBox'>
[2018-08-15 09:40:35]: <class 'wx._core.ComboBox'>
[2018-08-15 09:40:35]: <class 'wx._core.ComboBox'>
[2018-08-15 09:40:35]: <class 'wx._core.ComboBox'>
[2018-08-15 09:40:35]: <class 'wx._core.ComboBox'>
[2018-08-15 09:40:35]: <class 'wx._core.ComboBox'>
[2018-08-15 09:40:35]: <class 'wx._core.ComboBox'>
[2018-08-15 09:40:35]: <class 'wx._core.ComboBox'>
[2018-08-15 09:40:35]: <class 'wx._core.ComboBox'>
[2018-08-15 09:40:35]: <class 'wx._core.ComboBox'>
[2018-08-15 09:40:35]: <class 'wx._core.ComboBox'>
[2018-08-15 09:40:35]: <class 'wx._core.ComboBox'>
[2018-08-15 09:40:35]: <class 'wx._core.ComboBox'>
[2018-08-15 09:40:35]: <class 'wx._core.ComboBox'>
[2018-08-15 09:40:35]: <class 'wx._core.ComboBox'>
[2018-08-15 09:40:35]: <class 'wx._core.ComboBox'>
[2018-08-15 09:40:35]: <class 'wx._core.ComboBox'>
[2018-08-15 09:40:35]: <class 'wx._core.ComboBox'>
[2018-08-15 09:40:35]: <class 'wx._core.ComboBox'>
[2018-08-15 09:40:35]: <class 'wx._core.ComboBox'>
[2018-08-15 09:40:35]: <class 'wx._core.ComboBox'>
[2018-08-15 09:40:35]: <class 'wx._core.ComboBox'>
[2018-08-15 09:40:35]: <class 'wx._core.ComboBox'>
[2018-08-15 09:40:35]: <class 'wx._core.ComboBox'>
[2018-08-15 09:40:36]: <class 'wx._core.ComboBox'>
[2018-08-15 09:40:36]: <class 'wx._core.ComboBox'>
[2018-08-15 09:40:36]: <class 'wx._core.ComboBox'>
[2018-08-15 09:40:36]: <class 'wx._core.ComboBox'>
[2018-08-15 09:40:36]: <class 'wx._core.ComboBox'>
[2018-08-15 09:40:36]: <class 'wx._core.ComboBox'>
[2018-08-15 09:40:36]: <class 'wx._core.ComboBox'>
[2018-08-15 09:40:36]: <class 'wx._core.ComboBox'>
[2018-08-15 09:40:36]: <class 'wx._core.ComboBox'>
[2018-08-15 09:40:36]: <class 'wx._core.ComboBox'>
[2018-08-15 09:40:36]: <class 'wx._core.ComboBox'>
[2018-08-15 09:40:36]: <class 'wx._core.ComboBox'>
[2018-08-15 09:40:36]: <class 'wx._core.ComboBox'>
[2018-08-15 09:40:36]: <class 'wx._core.ComboBox'>
[2018-08-15 09:40:36]: <class 'wx._core.ComboBox'>
[2018-08-15 09:40:36]: <class 'wx._core.ComboBox'>
[2018-08-15 09:40:36]: <class 'wx._core.ComboBox'>
[2018-08-15 09:40:36]: <class 'wx._core.ComboBox'>
[2018-08-15 09:40:36]: <class 'wx._core.ComboBox'>
[2018-08-15 09:40:36]: <class 'wx._core.ComboBox'>
[2018-08-15 09:40:36]: <class 'wx._core.ComboBox'>
[2018-08-15 09:40:36]: <class 'wx._core.ComboBox'>
[2018-08-15 09:40:36]: <class 'wx._core.ComboBox'>
[2018-08-15 09:40:36]: <class 'wx._core.ComboBox'>
[2018-08-15 09:40:36]: <class 'wx._core.ComboBox'>
[2018-08-15 09:40:36]: <class 'wx._core.ComboBox'>
[2018-08-15 09:40:36]: <class 'wx._core.ComboBox'>
[2018-08-15 09:40:36]: <class 'wx._core.ComboBox'>
[2018-08-15 09:40:36]: <class 'wx._core.ComboBox'>
[2018-08-15 09:40:36]: <class 'wx._core.ComboBox'>
[2018-08-15 09:40:36]: <class 'wx._core.ComboBox'>
[2018-08-15 09:40:36]: <class 'wx._core.ComboBox'>
[2018-08-15 09:40:36]: <class 'wx._core.ComboBox'>
[2018-08-15 09:40:36]: <class 'wx._core.ComboBox'>
[2018-08-15 09:40:36]: <class 'wx._core.ComboBox'>
[2018-08-15 09:40:36]: <class 'wx._core.ComboBox'>
[2018-08-15 09:40:36]: <class 'wx._core.ComboBox'>
[2018-08-15 09:40:36]: <class 'wx._core.ComboBox'>
[2018-08-15 09:40:36]: <class 'wx._core.ComboBox'>
[2018-08-15 09:40:36]: <class 'wx._core.ComboBox'>
[2018-08-15 09:40:36]: <class 'wx._core.ComboBox'>
[2018-08-15 09:40:36]: <class 'wx._core.ComboBox'>
[2018-08-15 09:40:36]: <class 'wx._core.ComboBox'>
[2018-08-15 09:40:36]: <class 'wx._core.ComboBox'>
[2018-08-15 09:40:36]: <class 'wx._core.ComboBox'>
[2018-08-15 09:40:36]: <class 'wx._core.ComboBox'>
[2018-08-15 09:40:36]: <class 'wx._core.ComboBox'>
[2018-08-15 09:40:36]: <class 'wx._core.ComboBox'>
[2018-08-15 09:40:36]: <class 'wx._core.ComboBox'>
[2018-08-15 09:40:37]: <class 'wx._core.ComboBox'>
[2018-08-15 09:40:37]: <class 'wx._core.ComboBox'>
[2018-08-15 09:40:37]: <class 'wx._core.ComboBox'>
[2018-08-15 09:40:37]: <class 'wx._core.ComboBox'>
[2018-08-15 09:40:37]: <class 'wx._core.ComboBox'>
[2018-08-15 09:40:37]: <class 'wx._core.ComboBox'>
[2018-08-15 09:40:37]: <class 'wx._core.ComboBox'>
[2018-08-15 09:40:37]: <class 'wx._core.ComboBox'>
[2018-08-15 09:40:37]: <class 'wx._core.ComboBox'>
[2018-08-15 09:40:37]: <class 'wx._core.ComboBox'>
[2018-08-15 09:40:37]: <class 'wx._core.ComboBox'>
[2018-08-15 09:40:37]: <class 'wx._core.ComboBox'>
[2018-08-15 09:40:37]: <class 'wx._core.ComboBox'>
[2018-08-15 09:40:37]: <class 'wx._core.ComboBox'>
[2018-08-15 09:40:37]: <class 'wx._core.ComboBox'>
[2018-08-15 09:40:45]: 日志文件: logs\2018-08-15.log
[2018-08-15 09:40:45]: 检测到系统中已经安装wx模块
[2018-08-15 09:40:46]: 检测到系统中已经安装pymysql模块
[2018-08-15 09:40:46]: 执行环境完全, 将选择启动程序
[2018-08-15 09:40:46]: 检测到为windows系统(Windows-10-10.0.17134-SP0)
[2018-08-15 09:40:46]: 检测结果intIndex: 1
[2018-08-15 09:40:46]: 配置文件已经存在(conf\dbp.conf)
[2018-08-15 09:40:46]: 执行启动界面...
[2018-08-15 09:40:46]: 将启动子线程thread-log(读取渲染日志内容)
[2018-08-15 09:40:46]: 子线程thread-log已启动
[2018-08-15 09:40:47]: <class 'wx._core.ComboBox'>
[2018-08-15 09:40:47]: 请先连接数据库
[2018-08-15 09:40:49]: press in 301-确定
[2018-08-15 09:40:55]: press in 5006-退出
[2018-08-15 09:40:56]: press in 302-确定
[2018-08-15 09:40:56]: booleanGetTailExit: True
[2018-08-15 09:40:56]: threading event is set, 线程将退出
[2018-08-15 09:40:56]: 程序退出
[2018-08-15 09:41:44]: 日志文件: logs\2018-08-15.log
[2018-08-15 09:41:44]: 检测到系统中已经安装wx模块
[2018-08-15 09:41:44]: 检测到系统中已经安装pymysql模块
[2018-08-15 09:41:44]: 执行环境完全, 将选择启动程序
[2018-08-15 09:41:44]: 检测到为windows系统(Windows-10-10.0.17134-SP0)
[2018-08-15 09:41:44]: 检测结果intIndex: 1
[2018-08-15 09:41:44]: 配置文件已经存在(conf\dbp.conf)
[2018-08-15 09:41:44]: 执行启动界面...
[2018-08-15 09:41:44]: 将启动子线程thread-log(读取渲染日志内容)
[2018-08-15 09:41:44]: 子线程thread-log已启动
[2018-08-15 09:41:47]: <class 'wx._core.ComboBox'>
[2018-08-15 09:41:47]: 请先连接数据库
[2018-08-15 09:41:50]: press in 301-确定
[2018-08-15 09:41:52]: <class 'wx._core.ComboBox'>
[2018-08-15 09:41:52]: 请先连接数据库
[2018-08-15 09:41:53]: press in 301-确定
[2018-08-15 09:42:01]: press in 101-连接
[2018-08-15 09:42:01]: 配置文件中读取到的配置有: {'name': 'test-180814-1', 'host': '127.0.0.1', 'path': 'D:\\Test\\export\\DBProduce', 'user': 'root', 'type': 'md', 'password': 'cg082702', 'port': '3306'}
[2018-08-15 09:42:02]: press in 206-确定
[2018-08-15 09:42:02]: 数据库已连接
[2018-08-15 09:42:02]: searchValuesObj.connectionMysqlObj: <pymysql.connections.Connection object at 0x000001DC83EDF400>
[2018-08-15 09:42:02]: 数据库连接成功
[2018-08-15 09:42:02]: 执行数据库查询语句: /*
describe: get total database name
author: cg
create time: 2018-08-09
*/


SELECT
	`SCHEMA_NAME` AS databaseName
FROM
	`information_schema`.`SCHEMATA`
[2018-08-15 09:42:02]: 查到的数据: [OrderedDict([('databaseName', 'information_schema')]), OrderedDict([('databaseName', 'blog')]), OrderedDict([('databaseName', 'do_myself')]), OrderedDict([('databaseName', 'htg-dev-local')]), OrderedDict([('databaseName', 'htg-for-test')]), OrderedDict([('databaseName', 'mysql')]), OrderedDict([('databaseName', 'performance_schema')]), OrderedDict([('databaseName', 'sakila')]), OrderedDict([('databaseName', 'sys')]), OrderedDict([('databaseName', 'world')])]
[2018-08-15 09:42:02]: 查询得到的库的个数: 10
[2018-08-15 09:42:02]: 已为主面板中的下拉框设置内容项, arrItems: ['information_schema', 'blog', 'do_myself', 'htg-dev-local', 'htg-for-test', 'mysql', 'performance_schema', 'sakila', 'sys', 'world']
[2018-08-15 09:42:02]: 总共元素个数为: 10
[2018-08-15 09:42:05]: <class 'wx._core.ComboBox'>
[2018-08-15 09:42:05]: 请先连接数据库
[2018-08-15 09:42:06]: press in 301-确定
[2018-08-15 09:42:11]: <class 'wx._core.ComboBox'>
[2018-08-15 09:42:11]: 请先连接数据库
[2018-08-15 09:42:12]: press in 301-确定
[2018-08-15 09:42:20]: press in 5006-退出
[2018-08-15 09:42:22]: press in 302-确定
[2018-08-15 09:42:22]: booleanGetTailExit: True
[2018-08-15 09:42:22]: threading event is set, 线程将退出
[2018-08-15 09:42:22]: 数据库连接已关闭
[2018-08-15 09:42:22]: 程序退出
[2018-08-15 09:47:40]: 日志文件: logs\2018-08-15.log
[2018-08-15 09:47:40]: 检测到系统中已经安装wx模块
[2018-08-15 09:47:40]: 检测到系统中已经安装pymysql模块
[2018-08-15 09:47:40]: 执行环境完全, 将选择启动程序
[2018-08-15 09:47:40]: 检测到为windows系统(Windows-10-10.0.17134-SP0)
[2018-08-15 09:47:40]: 检测结果intIndex: 1
[2018-08-15 09:47:40]: 配置文件已经存在(conf\dbp.conf)
[2018-08-15 09:47:40]: 执行启动界面...
[2018-08-15 09:47:40]: 将启动子线程thread-log(读取渲染日志内容)
[2018-08-15 09:47:40]: 子线程thread-log已启动
[2018-08-15 09:47:43]: <class 'wx._core.ComboBox'>
[2018-08-15 09:47:43]: 请先连接数据库
[2018-08-15 09:47:44]: press in 301-确定
[2018-08-15 09:48:01]: press in 101-连接
[2018-08-15 09:48:01]: 配置文件中读取到的配置有: {'name': 'test-180814-1', 'path': 'D:\\Test\\export\\DBProduce', 'password': 'cg082702', 'user': 'root', 'type': 'md', 'host': '127.0.0.1', 'port': '3306'}
[2018-08-15 09:48:03]: press in 206-确定
[2018-08-15 09:48:03]: 数据库已连接
[2018-08-15 09:48:03]: searchValuesObj.connectionMysqlObj: <pymysql.connections.Connection object at 0x0000026D131BE198>
[2018-08-15 09:48:03]: 数据库连接成功
[2018-08-15 09:48:03]: 执行数据库查询语句: /*
describe: get total database name
author: cg
create time: 2018-08-09
*/


SELECT
	`SCHEMA_NAME` AS databaseName
FROM
	`information_schema`.`SCHEMATA`
[2018-08-15 09:48:03]: 查到的数据: [OrderedDict([('databaseName', 'information_schema')]), OrderedDict([('databaseName', 'blog')]), OrderedDict([('databaseName', 'do_myself')]), OrderedDict([('databaseName', 'htg-dev-local')]), OrderedDict([('databaseName', 'htg-for-test')]), OrderedDict([('databaseName', 'mysql')]), OrderedDict([('databaseName', 'performance_schema')]), OrderedDict([('databaseName', 'sakila')]), OrderedDict([('databaseName', 'sys')]), OrderedDict([('databaseName', 'world')])]
[2018-08-15 09:48:03]: 查询得到的库的个数: 10
[2018-08-15 09:48:03]: 已为主面板中的下拉框设置内容项, arrItems: ['information_schema', 'blog', 'do_myself', 'htg-dev-local', 'htg-for-test', 'mysql', 'performance_schema', 'sakila', 'sys', 'world']
[2018-08-15 09:48:03]: 总共元素个数为: 10
[2018-08-15 09:48:11]: <class 'wx._core.ComboBox'>
[2018-08-15 09:48:11]: 请先连接数据库
[2018-08-15 09:48:46]: press in 301-确定
[2018-08-15 09:49:02]: <class 'wx._core.ComboBox'>
[2018-08-15 09:49:02]: 请先连接数据库
[2018-08-15 09:49:04]: press in 301-确定
[2018-08-15 09:53:42]: <class 'wx._core.ComboBox'>
[2018-08-15 09:53:42]: 请先连接数据库
[2018-08-15 09:53:43]: press in 301-确定
[2018-08-15 09:53:49]: press in 5006-退出
[2018-08-15 09:53:50]: press in 302-确定
[2018-08-15 09:53:50]: booleanGetTailExit: True
[2018-08-15 09:53:50]: threading event is set, 线程将退出
[2018-08-15 09:53:51]: 数据库连接已关闭
[2018-08-15 09:53:51]: 程序退出
[2018-08-15 09:57:08]: 日志文件: logs\2018-08-15.log
[2018-08-15 09:57:09]: 检测到系统中已经安装wx模块
[2018-08-15 09:57:09]: 检测到系统中已经安装pymysql模块
[2018-08-15 09:57:09]: 执行环境完全, 将选择启动程序
[2018-08-15 09:57:09]: 检测到为windows系统(Windows-10-10.0.17134-SP0)
[2018-08-15 09:57:09]: 检测结果intIndex: 1
[2018-08-15 09:57:09]: 配置文件已经存在(conf\dbp.conf)
[2018-08-15 09:57:09]: 执行启动界面...
[2018-08-15 09:57:10]: 将启动子线程thread-log(读取渲染日志内容)
[2018-08-15 09:57:10]: 子线程thread-log已启动
[2018-08-15 09:57:12]: <class 'wx._core.ComboBox'>
[2018-08-15 09:57:12]: 请先连接数据库
[2018-08-15 09:57:13]: press in 301-确定
[2018-08-15 09:57:15]: press in 101-连接
[2018-08-15 09:57:15]: 配置文件中读取到的配置有: {'name': 'test-180814-1', 'host': '127.0.0.1', 'port': '3306', 'password': 'cg082702', 'path': 'D:\\Test\\export\\DBProduce', 'user': 'root', 'type': 'md'}
[2018-08-15 09:57:16]: press in 206-确定
[2018-08-15 09:57:16]: 数据库已连接
[2018-08-15 09:57:16]: searchValuesObj.connectionMysqlObj: <pymysql.connections.Connection object at 0x000001B381C80550>
[2018-08-15 09:57:16]: 数据库连接成功
[2018-08-15 09:57:16]: 执行数据库查询语句: /*
describe: get total database name
author: cg
create time: 2018-08-09
*/


SELECT
	`SCHEMA_NAME` AS databaseName
FROM
	`information_schema`.`SCHEMATA`
[2018-08-15 09:57:16]: 查到的数据: [OrderedDict([('databaseName', 'information_schema')]), OrderedDict([('databaseName', 'blog')]), OrderedDict([('databaseName', 'do_myself')]), OrderedDict([('databaseName', 'htg-dev-local')]), OrderedDict([('databaseName', 'htg-for-test')]), OrderedDict([('databaseName', 'mysql')]), OrderedDict([('databaseName', 'performance_schema')]), OrderedDict([('databaseName', 'sakila')]), OrderedDict([('databaseName', 'sys')]), OrderedDict([('databaseName', 'world')])]
[2018-08-15 09:57:16]: 查询得到的库的个数: 10
[2018-08-15 09:57:16]: 已为主面板中的下拉框设置内容项, arrItems: ['information_schema', 'blog', 'do_myself', 'htg-dev-local', 'htg-for-test', 'mysql', 'performance_schema', 'sakila', 'sys', 'world']
[2018-08-15 09:57:16]: 总共元素个数为: 10
[2018-08-15 09:57:19]: <class 'wx._core.ComboBox'>
[2018-08-15 09:57:29]: 下拉框选择: do_myself
[2018-08-15 09:57:29]: 执行数据库查询语句: /*
describe: get total table name from database
author: cg
create time: 2018-06-12
*/

SELECT
	TABLE_NAME AS tableName
FROM
	information_schema.`TABLES`
WHERE
	TABLE_SCHEMA = 'do_myself'
[2018-08-15 09:57:29]: 查到的数据: [OrderedDict([('tableName', 'htg_activity')]), OrderedDict([('tableName', 'htg_activity_enroll_copy1')]), OrderedDict([('tableName', 'htg_daily_service_base')]), OrderedDict([('tableName', 'htg_face_log')]), OrderedDict([('tableName', 'htg_holiday_date')]), OrderedDict([('tableName', 'htg_shop')]), OrderedDict([('tableName', 'oss_base_area')])]
[2018-08-15 09:57:29]: 查询得到的表个数: 7
[2018-08-15 09:57:29]: 已为主面板中的复选列表框设置内容项, arrItems: ['htg_activity', 'htg_activity_enroll_copy1', 'htg_daily_service_base', 'htg_face_log', 'htg_holiday_date', 'htg_shop', 'oss_base_area']
[2018-08-15 09:57:29]: 总共元素个数为: 7
[2018-08-15 09:57:29]: <class 'wx._core.ComboBox'>
[2018-08-15 09:57:36]: press in 101-连接
[2018-08-15 09:57:36]: 配置文件中读取到的配置有: {'name': 'test-180814-1', 'host': '127.0.0.1', 'port': '3306', 'password': 'cg082702', 'path': 'D:\\Test\\export\\DBProduce', 'user': 'root', 'type': 'md'}
[2018-08-15 09:57:38]: press in 205-断开连接
[2018-08-15 09:57:40]: press in 301-确定
[2018-08-15 09:57:40]: 数据库连接已断开
[2018-08-15 09:57:40]: searchValuesObj.connectionMysqlObjself: None
[2018-08-15 09:57:44]: press in 207-取消
[2018-08-15 09:57:46]: press in 101-连接
[2018-08-15 09:57:46]: 配置文件中读取到的配置有: {'name': 'test-180814-1', 'host': '127.0.0.1', 'port': '3306', 'password': 'cg082702', 'path': 'D:\\Test\\export\\DBProduce', 'user': 'root', 'type': 'md'}
[2018-08-15 09:57:49]: press in 207-取消
[2018-08-15 09:57:51]: 下拉框选择: mysql
[2018-08-15 09:57:51]: 执行数据库查询语句: /*
describe: get total table name from database
author: cg
create time: 2018-06-12
*/

SELECT
	TABLE_NAME AS tableName
FROM
	information_schema.`TABLES`
WHERE
	TABLE_SCHEMA = 'mysql'
[2018-08-15 09:57:51]: 查询出错:/*
describe: get total table name from database
author: cg
create time: 2018-06-12
*/

SELECT
	TABLE_NAME AS tableName
FROM
	information_schema.`TABLES`
WHERE
	TABLE_SCHEMA = 'mysql'
[2018-08-15 09:57:51]: 查到的数据: []
[2018-08-15 09:57:51]: getTotalTablesName中传入的listDictResultObj长度为0或为空
[2018-08-15 09:57:51]: arrItems长度为0或值为空, 不进行设置
[2018-08-15 09:57:51]: <class 'wx._core.ComboBox'>
[2018-08-15 09:58:12]: <class 'wx._core.ComboBox'>
[2018-08-15 09:58:42]: press in 107-确认导出
[2018-08-15 09:58:42]: 配置文件中读取到的配置有: {'name': 'test-180814-1', 'host': '127.0.0.1', 'port': '3306', 'password': 'cg082702', 'path': 'D:\\Test\\export\\DBProduce', 'user': 'root', 'type': 'md'}
[2018-08-15 09:58:42]: 未选中需要执行导出的表
[2018-08-15 09:58:44]: press in 301-确定
[2018-08-15 09:58:48]: press in 107-确认导出
[2018-08-15 09:58:48]: 配置文件中读取到的配置有: {'name': 'test-180814-1', 'host': '127.0.0.1', 'port': '3306', 'password': 'cg082702', 'path': 'D:\\Test\\export\\DBProduce', 'user': 'root', 'type': 'md'}
[2018-08-15 09:58:48]: *****导出markdown****
[2018-08-15 09:58:48]: 执行数据库查询语句: /*
describe: get table data change message by table name and database name
author: cg
create time: 2018-06-12
*/

SELECT
	TABLE_NAME AS tableName,
	IFNULL(CREATE_TIME, '') AS createTime,
	IFNULL(UPDATE_TIME, '') AS updateTime,
	TABLE_COLLATION AS tableCollation,
	IFNULL(TABLE_ROWS, '') AS dataRowsNum
FROM
	information_schema.`TABLES`
WHERE
	TABLE_SCHEMA = 'mysql'
AND TABLE_NAME = 'htg_shop'
[2018-08-15 09:58:48]: 查询出错:/*
describe: get table data change message by table name and database name
author: cg
create time: 2018-06-12
*/

SELECT
	TABLE_NAME AS tableName,
	IFNULL(CREATE_TIME, '') AS createTime,
	IFNULL(UPDATE_TIME, '') AS updateTime,
	TABLE_COLLATION AS tableCollation,
	IFNULL(TABLE_ROWS, '') AS dataRowsNum
FROM
	information_schema.`TABLES`
WHERE
	TABLE_SCHEMA = 'mysql'
AND TABLE_NAME = 'htg_shop'
[2018-08-15 09:58:48]: 查到的数据: []
[2018-08-15 09:58:48]: 查询表更改信息getTableDataChangeMsg()未查询到数据
[2018-08-15 09:58:48]: writerTable()中listDictContent其长度为0, 导出表格失败, listDictContent = []
[2018-08-15 09:58:48]: 执行数据库查询语句: /*
describe: get table msg by table name and databse name
author: cg
create time: 2018-06-12
*/


SELECT
	COLUMN_NAME AS columnName,
	IS_NULLABLE AS isNull,
	COLUMN_TYPE AS columnType,

IF (COLUMN_KEY = 'PRI', 'YES', '') AS isKey,
 IFNULL(COLUMN_COMMENT, '') AS columnComment
FROM
	information_schema.`COLUMNS`
WHERE
	TABLE_SCHEMA = 'mysql'
AND TABLE_NAME = 'htg_shop'
[2018-08-15 09:58:48]: 查询出错:/*
describe: get table msg by table name and databse name
author: cg
create time: 2018-06-12
*/


SELECT
	COLUMN_NAME AS columnName,
	IS_NULLABLE AS isNull,
	COLUMN_TYPE AS columnType,

IF (COLUMN_KEY = 'PRI', 'YES', '') AS isKey,
 IFNULL(COLUMN_COMMENT, '') AS columnComment
FROM
	information_schema.`COLUMNS`
WHERE
	TABLE_SCHEMA = 'mysql'
AND TABLE_NAME = 'htg_shop'
[2018-08-15 09:58:48]: 查到的数据: []
[2018-08-15 09:58:48]: writerTable()中listDictContent其长度为0, 导出表格失败, listDictContent = []
[2018-08-15 09:58:48]: mysql.htg_shop导出成功
[2018-08-15 09:58:48]: *****导出完成*****
[2018-08-15 09:58:48]: 导出耗时: 0.2009s
[2018-08-15 10:02:36]: press in 5006-退出
[2018-08-15 10:02:37]: press in 302-确定
[2018-08-15 10:02:37]: booleanGetTailExit: True
[2018-08-15 10:02:37]: threading event is set, 线程将退出
[2018-08-15 10:02:38]: 程序退出
[2018-08-15 10:12:37]: 日志文件: logs\2018-08-15.log
[2018-08-15 10:12:38]: 检测到系统中已经安装wx模块
[2018-08-15 10:12:38]: 检测到系统中已经安装pymysql模块
[2018-08-15 10:12:38]: 执行环境完全, 将选择启动程序
[2018-08-15 10:12:38]: 检测到为windows系统(Windows-10-10.0.17134-SP0)
[2018-08-15 10:12:38]: 检测结果intIndex: 1
[2018-08-15 10:12:38]: 配置文件已经存在(conf\dbp.conf)
[2018-08-15 10:12:38]: 执行启动界面...
[2018-08-15 10:12:38]: 将启动子线程thread-log(读取渲染日志内容)
[2018-08-15 10:12:38]: 子线程thread-log已启动
[2018-08-15 10:12:41]: press in 101-连接
[2018-08-15 10:12:41]: 配置文件中读取到的配置有: {'password': 'cg082702', 'type': 'md', 'name': 'test-180814-1', 'path': 'D:\\Test\\export\\DBProduce', 'port': '3306', 'host': '127.0.0.1', 'user': 'root'}
[2018-08-15 10:12:43]: press in 206-确定
[2018-08-15 10:12:43]: 数据库已连接
[2018-08-15 10:12:43]: searchValuesObj.connectionMysqlObj: <pymysql.connections.Connection object at 0x000001F948E714A8>
[2018-08-15 10:12:43]: 数据库连接成功
[2018-08-15 10:12:43]: 执行数据库查询语句: /*
describe: get total database name
author: cg
create time: 2018-08-09
*/


SELECT
	`SCHEMA_NAME` AS databaseName
FROM
	`information_schema`.`SCHEMATA`
[2018-08-15 10:12:43]: 查到的数据: [OrderedDict([('databaseName', 'information_schema')]), OrderedDict([('databaseName', 'blog')]), OrderedDict([('databaseName', 'do_myself')]), OrderedDict([('databaseName', 'htg-dev-local')]), OrderedDict([('databaseName', 'htg-for-test')]), OrderedDict([('databaseName', 'mysql')]), OrderedDict([('databaseName', 'performance_schema')]), OrderedDict([('databaseName', 'sakila')]), OrderedDict([('databaseName', 'sys')]), OrderedDict([('databaseName', 'world')])]
[2018-08-15 10:12:43]: 查询得到的库的个数: 10
[2018-08-15 10:12:43]: 已为主面板中的下拉框设置内容项, arrItems: ['information_schema', 'blog', 'do_myself', 'htg-dev-local', 'htg-for-test', 'mysql', 'performance_schema', 'sakila', 'sys', 'world']
[2018-08-15 10:12:43]: 总共元素个数为: 10
[2018-08-15 10:12:46]: 下拉框选择: do_myself
[2018-08-15 10:12:46]: 执行数据库查询语句: /*
describe: get total table name from database
author: cg
create time: 2018-06-12
*/

SELECT
	TABLE_NAME AS tableName
FROM
	information_schema.`TABLES`
WHERE
	TABLE_SCHEMA = 'do_myself'
[2018-08-15 10:12:46]: 查到的数据: [OrderedDict([('tableName', 'htg_activity')]), OrderedDict([('tableName', 'htg_activity_enroll_copy1')]), OrderedDict([('tableName', 'htg_daily_service_base')]), OrderedDict([('tableName', 'htg_face_log')]), OrderedDict([('tableName', 'htg_holiday_date')]), OrderedDict([('tableName', 'htg_shop')]), OrderedDict([('tableName', 'oss_base_area')])]
[2018-08-15 10:12:46]: 查询得到的表个数: 7
[2018-08-15 10:12:46]: 已为主面板中的复选列表框设置内容项, arrItems: ['htg_activity', 'htg_activity_enroll_copy1', 'htg_daily_service_base', 'htg_face_log', 'htg_holiday_date', 'htg_shop', 'oss_base_area']
[2018-08-15 10:12:46]: 总共元素个数为: 7
[2018-08-15 10:12:46]: <class 'wx._core.ComboBox'>
[2018-08-15 10:12:50]: press in 101-连接
[2018-08-15 10:12:50]: 配置文件中读取到的配置有: {'password': 'cg082702', 'type': 'md', 'name': 'test-180814-1', 'path': 'D:\\Test\\export\\DBProduce', 'port': '3306', 'host': '127.0.0.1', 'user': 'root'}
[2018-08-15 10:12:51]: press in 205-断开连接
[2018-08-15 10:12:53]: press in 301-确定
[2018-08-15 10:12:53]: 数据库连接已断开
[2018-08-15 10:12:53]: searchValuesObj.connectionMysqlObjself: None
[2018-08-15 10:12:54]: press in 207-取消
[2018-08-15 10:13:00]: 下拉框选择: do_myself
[2018-08-15 10:13:00]: 执行数据库查询语句: /*
describe: get total table name from database
author: cg
create time: 2018-06-12
*/

SELECT
	TABLE_NAME AS tableName
FROM
	information_schema.`TABLES`
WHERE
	TABLE_SCHEMA = 'do_myself'
[2018-08-15 10:13:00]: 查询出错:/*
describe: get total table name from database
author: cg
create time: 2018-06-12
*/

SELECT
	TABLE_NAME AS tableName
FROM
	information_schema.`TABLES`
WHERE
	TABLE_SCHEMA = 'do_myself'
[2018-08-15 10:13:00]: 查到的数据: []
[2018-08-15 10:13:00]: getTotalTablesName中传入的listDictResultObj长度为0或为空
[2018-08-15 10:13:00]: arrItems长度为0或值为空, 不进行设置
[2018-08-15 10:13:00]: <class 'wx._core.ComboBox'>
[2018-08-15 10:13:00]: 请先连接数据库
[2018-08-15 10:13:02]: press in 301-确定
[2018-08-15 10:13:06]: press in 107-确认导出
[2018-08-15 10:13:06]: 配置文件中读取到的配置有: {'password': 'cg082702', 'type': 'md', 'name': 'test-180814-1', 'path': 'D:\\Test\\export\\DBProduce', 'port': '3306', 'host': '127.0.0.1', 'user': 'root'}
[2018-08-15 10:13:06]: 未选中需要执行导出的表
[2018-08-15 10:13:07]: press in 301-确定
[2018-08-15 10:13:10]: press in 107-确认导出
[2018-08-15 10:13:10]: 配置文件中读取到的配置有: {'password': 'cg082702', 'type': 'md', 'name': 'test-180814-1', 'path': 'D:\\Test\\export\\DBProduce', 'port': '3306', 'host': '127.0.0.1', 'user': 'root'}
[2018-08-15 10:13:10]: *****导出markdown****
[2018-08-15 10:13:10]: 执行数据库查询语句: /*
describe: get table data change message by table name and database name
author: cg
create time: 2018-06-12
*/

SELECT
	TABLE_NAME AS tableName,
	IFNULL(CREATE_TIME, '') AS createTime,
	IFNULL(UPDATE_TIME, '') AS updateTime,
	TABLE_COLLATION AS tableCollation,
	IFNULL(TABLE_ROWS, '') AS dataRowsNum
FROM
	information_schema.`TABLES`
WHERE
	TABLE_SCHEMA = 'do_myself'
AND TABLE_NAME = 'htg_shop'
[2018-08-15 10:13:10]: 查询出错:/*
describe: get table data change message by table name and database name
author: cg
create time: 2018-06-12
*/

SELECT
	TABLE_NAME AS tableName,
	IFNULL(CREATE_TIME, '') AS createTime,
	IFNULL(UPDATE_TIME, '') AS updateTime,
	TABLE_COLLATION AS tableCollation,
	IFNULL(TABLE_ROWS, '') AS dataRowsNum
FROM
	information_schema.`TABLES`
WHERE
	TABLE_SCHEMA = 'do_myself'
AND TABLE_NAME = 'htg_shop'
[2018-08-15 10:13:10]: 查到的数据: []
[2018-08-15 10:13:10]: 查询表更改信息getTableDataChangeMsg()未查询到数据
[2018-08-15 10:13:10]: writerTable()中listDictContent其长度为0, 导出表格失败, listDictContent = []
[2018-08-15 10:13:10]: 执行数据库查询语句: /*
describe: get table msg by table name and databse name
author: cg
create time: 2018-06-12
*/


SELECT
	COLUMN_NAME AS columnName,
	IS_NULLABLE AS isNull,
	COLUMN_TYPE AS columnType,

IF (COLUMN_KEY = 'PRI', 'YES', '') AS isKey,
 IFNULL(COLUMN_COMMENT, '') AS columnComment
FROM
	information_schema.`COLUMNS`
WHERE
	TABLE_SCHEMA = 'do_myself'
AND TABLE_NAME = 'htg_shop'
[2018-08-15 10:13:10]: 查询出错:/*
describe: get table msg by table name and databse name
author: cg
create time: 2018-06-12
*/


SELECT
	COLUMN_NAME AS columnName,
	IS_NULLABLE AS isNull,
	COLUMN_TYPE AS columnType,

IF (COLUMN_KEY = 'PRI', 'YES', '') AS isKey,
 IFNULL(COLUMN_COMMENT, '') AS columnComment
FROM
	information_schema.`COLUMNS`
WHERE
	TABLE_SCHEMA = 'do_myself'
AND TABLE_NAME = 'htg_shop'
[2018-08-15 10:13:10]: 查到的数据: []
[2018-08-15 10:13:10]: writerTable()中listDictContent其长度为0, 导出表格失败, listDictContent = []
[2018-08-15 10:13:10]: do_myself.htg_shop导出出错
[2018-08-15 10:13:10]: *****导出出错*****
[2018-08-15 10:13:10]: 导出耗时: 0.1069s
[2018-08-15 10:17:01]: press in 5006-退出
[2018-08-15 10:17:02]: press in 302-确定
[2018-08-15 10:17:02]: booleanGetTailExit: True
[2018-08-15 10:17:02]: threading event is set, 线程将退出
[2018-08-15 10:17:02]: 程序退出
[2018-08-15 10:17:06]: 日志文件: logs\2018-08-15.log
[2018-08-15 10:17:06]: 检测到系统中已经安装wx模块
[2018-08-15 10:17:06]: 检测到系统中已经安装pymysql模块
[2018-08-15 10:17:06]: 执行环境完全, 将选择启动程序
[2018-08-15 10:17:06]: 检测到为windows系统(Windows-10-10.0.17134-SP0)
[2018-08-15 10:17:06]: 检测结果intIndex: 1
[2018-08-15 10:17:06]: 配置文件已经存在(conf\dbp.conf)
[2018-08-15 10:17:06]: 执行启动界面...
[2018-08-15 10:17:06]: 将启动子线程thread-log(读取渲染日志内容)
[2018-08-15 10:17:06]: 子线程thread-log已启动
[2018-08-15 10:17:09]: press in 107-确认导出
[2018-08-15 10:17:09]: 配置文件中读取到的配置有: {'port': '3306', 'name': 'test-180814-1', 'user': 'root', 'path': 'D:\\Test\\export\\DBProduce', 'type': 'md', 'password': 'cg082702', 'host': '127.0.0.1'}
[2018-08-15 10:17:09]: 未连接数据库
[2018-08-15 10:17:11]: press in 301-确定
[2018-08-15 10:17:13]: <class 'wx._core.ComboBox'>
[2018-08-15 10:17:13]: 请先连接数据库
[2018-08-15 10:17:15]: press in 301-确定
[2018-08-15 10:17:17]: press in 5006-退出
[2018-08-15 10:17:18]: press in 302-确定
[2018-08-15 10:17:18]: booleanGetTailExit: True
[2018-08-15 10:17:18]: threading event is set, 线程将退出
[2018-08-15 10:17:18]: 程序退出
[2018-08-15 10:28:10]: 日志文件: logs\2018-08-15.log
[2018-08-15 10:28:10]: 检测到系统中已经安装wx模块
[2018-08-15 10:28:10]: 检测到系统中已经安装pymysql模块
[2018-08-15 10:28:10]: 执行环境完全, 将选择启动程序
[2018-08-15 10:28:10]: 检测到为windows系统(Windows-10-10.0.17134-SP0)
[2018-08-15 10:28:10]: 检测结果intIndex: 1
[2018-08-15 10:28:10]: 配置文件已经存在(conf\dbp.conf)
[2018-08-15 10:28:10]: 执行启动界面...
[2018-08-15 10:28:11]: 将启动子线程thread-log(读取渲染日志内容)
[2018-08-15 10:28:11]: 子线程thread-log已启动
[2018-08-15 10:28:12]: press in 101-连接
[2018-08-15 10:28:12]: 配置文件中读取到的配置有: {'name': 'test-180814-1', 'password': 'cg082702', 'type': 'md', 'path': 'D:\\Test\\export\\DBProduce', 'user': 'root', 'port': '3306', 'host': '127.0.0.1'}
[2018-08-15 10:28:13]: press in 206-确定
[2018-08-15 10:28:13]: 数据库已连接
[2018-08-15 10:28:13]: searchValuesObj.connectionMysqlObj: <pymysql.connections.Connection object at 0x000001F71946F160>
[2018-08-15 10:28:13]: 数据库连接成功
[2018-08-15 10:28:13]: 执行数据库查询语句: /*
describe: get total database name
author: cg
create time: 2018-08-09
*/


SELECT
	`SCHEMA_NAME` AS databaseName
FROM
	`information_schema`.`SCHEMATA`
[2018-08-15 10:28:13]: 查到的数据: [OrderedDict([('databaseName', 'information_schema')]), OrderedDict([('databaseName', 'blog')]), OrderedDict([('databaseName', 'do_myself')]), OrderedDict([('databaseName', 'htg-dev-local')]), OrderedDict([('databaseName', 'htg-for-test')]), OrderedDict([('databaseName', 'mysql')]), OrderedDict([('databaseName', 'performance_schema')]), OrderedDict([('databaseName', 'sakila')]), OrderedDict([('databaseName', 'sys')]), OrderedDict([('databaseName', 'world')])]
[2018-08-15 10:28:13]: 查询得到的库的个数: 10
[2018-08-15 10:28:13]: 已为主面板中的下拉框设置内容项, arrItems: ['information_schema', 'blog', 'do_myself', 'htg-dev-local', 'htg-for-test', 'mysql', 'performance_schema', 'sakila', 'sys', 'world']
[2018-08-15 10:28:13]: 总共元素个数为: 10
[2018-08-15 10:28:25]: press in 101-连接
[2018-08-15 10:28:25]: 配置文件中读取到的配置有: {'name': 'test-180814-1', 'password': 'cg082702', 'type': 'md', 'path': 'D:\\Test\\export\\DBProduce', 'user': 'root', 'port': '3306', 'host': '127.0.0.1'}
[2018-08-15 10:28:33]: press in 205-断开连接
[2018-08-15 10:28:35]: press in 301-确定
[2018-08-15 10:28:35]: 数据库连接已断开
[2018-08-15 10:28:35]: searchValuesObj.connectionMysqlObjself: None
[2018-08-15 10:29:07]: press in 207-取消
[2018-08-15 10:29:08]: <class 'wx._core.ComboBox'>
[2018-08-15 10:29:08]: 请先连接数据库
[2018-08-15 10:29:10]: press in 301-确定
[2018-08-15 10:31:09]: press in 5006-退出
[2018-08-15 10:31:10]: press in 302-确定
[2018-08-15 10:31:10]: booleanGetTailExit: True
[2018-08-15 10:31:10]: threading event is set, 线程将退出
[2018-08-15 10:31:11]: 程序退出
[2018-08-15 10:31:12]: 日志文件: logs\2018-08-15.log
[2018-08-15 10:31:12]: 检测到系统中已经安装wx模块
[2018-08-15 10:31:12]: 检测到系统中已经安装pymysql模块
[2018-08-15 10:31:12]: 执行环境完全, 将选择启动程序
[2018-08-15 10:31:12]: 检测到为windows系统(Windows-10-10.0.17134-SP0)
[2018-08-15 10:31:12]: 检测结果intIndex: 1
[2018-08-15 10:31:12]: 配置文件已经存在(conf\dbp.conf)
[2018-08-15 10:31:12]: 执行启动界面...
[2018-08-15 10:31:13]: 将启动子线程thread-log(读取渲染日志内容)
[2018-08-15 10:31:13]: 子线程thread-log已启动
[2018-08-15 10:31:14]: press in 101-连接
[2018-08-15 10:31:14]: 配置文件中读取到的配置有: {'type': 'md', 'host': '127.0.0.1', 'user': 'root', 'name': 'test-180814-1', 'port': '3306', 'path': 'D:\\Test\\export\\DBProduce', 'password': 'cg082702'}
[2018-08-15 10:31:16]: press in 206-确定
[2018-08-15 10:31:16]: 数据库已连接
[2018-08-15 10:31:16]: searchValuesObj.connectionMysqlObj: <pymysql.connections.Connection object at 0x000002215286D400>
[2018-08-15 10:31:16]: 数据库连接成功
[2018-08-15 10:31:16]: 执行数据库查询语句: /*
describe: get total database name
author: cg
create time: 2018-08-09
*/


SELECT
	`SCHEMA_NAME` AS databaseName
FROM
	`information_schema`.`SCHEMATA`
[2018-08-15 10:31:16]: 查到的数据: [OrderedDict([('databaseName', 'information_schema')]), OrderedDict([('databaseName', 'blog')]), OrderedDict([('databaseName', 'do_myself')]), OrderedDict([('databaseName', 'htg-dev-local')]), OrderedDict([('databaseName', 'htg-for-test')]), OrderedDict([('databaseName', 'mysql')]), OrderedDict([('databaseName', 'performance_schema')]), OrderedDict([('databaseName', 'sakila')]), OrderedDict([('databaseName', 'sys')]), OrderedDict([('databaseName', 'world')])]
[2018-08-15 10:31:16]: 查询得到的库的个数: 10
[2018-08-15 10:31:16]: 已为主面板中的下拉框设置内容项, arrItems: ['information_schema', 'blog', 'do_myself', 'htg-dev-local', 'htg-for-test', 'mysql', 'performance_schema', 'sakila', 'sys', 'world']
[2018-08-15 10:31:16]: 总共元素个数为: 10
[2018-08-15 10:31:18]: press in 101-连接
[2018-08-15 10:31:18]: 配置文件中读取到的配置有: {'type': 'md', 'host': '127.0.0.1', 'user': 'root', 'name': 'test-180814-1', 'port': '3306', 'path': 'D:\\Test\\export\\DBProduce', 'password': 'cg082702'}
[2018-08-15 10:31:19]: press in 205-断开连接
[2018-08-15 10:31:20]: press in 301-确定
[2018-08-15 10:31:20]: 数据库连接已断开
[2018-08-15 10:31:20]: searchValuesObj.connectionMysqlObjself: None
[2018-08-15 10:31:35]: press in 207-取消
[2018-08-15 10:31:37]: press in 101-连接
[2018-08-15 10:31:37]: 配置文件中读取到的配置有: {'type': 'md', 'host': '127.0.0.1', 'user': 'root', 'name': 'test-180814-1', 'port': '3306', 'path': 'D:\\Test\\export\\DBProduce', 'password': 'cg082702'}
[2018-08-15 10:31:38]: press in 207-取消
[2018-08-15 10:34:03]: press in 5006-退出
[2018-08-15 10:34:04]: press in 302-确定
[2018-08-15 10:34:04]: booleanGetTailExit: True
[2018-08-15 10:34:04]: threading event is set, 线程将退出
[2018-08-15 10:34:04]: 程序退出
[2018-08-15 10:34:06]: 日志文件: logs\2018-08-15.log
[2018-08-15 10:34:06]: 检测到系统中已经安装wx模块
[2018-08-15 10:34:06]: 检测到系统中已经安装pymysql模块
[2018-08-15 10:34:06]: 执行环境完全, 将选择启动程序
[2018-08-15 10:34:06]: 检测到为windows系统(Windows-10-10.0.17134-SP0)
[2018-08-15 10:34:06]: 检测结果intIndex: 1
[2018-08-15 10:34:06]: 配置文件已经存在(conf\dbp.conf)
[2018-08-15 10:34:06]: 执行启动界面...
[2018-08-15 10:34:06]: 将启动子线程thread-log(读取渲染日志内容)
[2018-08-15 10:34:06]: 子线程thread-log已启动
[2018-08-15 10:34:09]: press in 101-连接
[2018-08-15 10:34:09]: 配置文件中读取到的配置有: {'type': 'md', 'name': 'test-180814-1', 'port': '3306', 'path': 'D:\\Test\\export\\DBProduce', 'host': '127.0.0.1', 'user': 'root', 'password': 'cg082702'}
[2018-08-15 10:34:10]: press in 206-确定
[2018-08-15 10:34:10]: 数据库已连接
[2018-08-15 10:34:10]: searchValuesObj.connectionMysqlObj: <pymysql.connections.Connection object at 0x000001B98A47D3C8>
[2018-08-15 10:34:10]: 数据库连接成功
[2018-08-15 10:34:10]: 执行数据库查询语句: /*
describe: get total database name
author: cg
create time: 2018-08-09
*/


SELECT
	`SCHEMA_NAME` AS databaseName
FROM
	`information_schema`.`SCHEMATA`
[2018-08-15 10:34:10]: 查到的数据: [OrderedDict([('databaseName', 'information_schema')]), OrderedDict([('databaseName', 'blog')]), OrderedDict([('databaseName', 'do_myself')]), OrderedDict([('databaseName', 'htg-dev-local')]), OrderedDict([('databaseName', 'htg-for-test')]), OrderedDict([('databaseName', 'mysql')]), OrderedDict([('databaseName', 'performance_schema')]), OrderedDict([('databaseName', 'sakila')]), OrderedDict([('databaseName', 'sys')]), OrderedDict([('databaseName', 'world')])]
[2018-08-15 10:34:10]: 查询得到的库的个数: 10
[2018-08-15 10:34:10]: 已为主面板中的下拉框设置内容项, arrItems: ['information_schema', 'blog', 'do_myself', 'htg-dev-local', 'htg-for-test', 'mysql', 'performance_schema', 'sakila', 'sys', 'world']
[2018-08-15 10:34:10]: 总共元素个数为: 10
[2018-08-15 10:34:12]: press in 101-连接
[2018-08-15 10:34:12]: 配置文件中读取到的配置有: {'type': 'md', 'name': 'test-180814-1', 'port': '3306', 'path': 'D:\\Test\\export\\DBProduce', 'host': '127.0.0.1', 'user': 'root', 'password': 'cg082702'}
[2018-08-15 10:34:14]: press in 205-断开连接
[2018-08-15 10:34:15]: press in 301-确定
[2018-08-15 10:34:15]: 数据库连接已断开
[2018-08-15 10:34:15]: searchValuesObj.connectionMysqlObjself: None
[2018-08-15 10:34:20]: press in 205-测试连接
[2018-08-15 10:34:20]: 数据库已连接
[2018-08-15 10:34:20]: 连接已断开
[2018-08-15 10:34:31]: press in 301-确定
[2018-08-15 10:34:34]: press in 206-确定
[2018-08-15 10:34:34]: 数据库已连接
[2018-08-15 10:34:34]: searchValuesObj.connectionMysqlObj: <pymysql.connections.Connection object at 0x000001B98A494780>
[2018-08-15 10:34:34]: 数据库连接成功
[2018-08-15 10:34:45]: 下拉框选择: do_myself
[2018-08-15 10:34:45]: 执行数据库查询语句: /*
describe: get total table name from database
author: cg
create time: 2018-06-12
*/

SELECT
	TABLE_NAME AS tableName
FROM
	information_schema.`TABLES`
WHERE
	TABLE_SCHEMA = 'do_myself'
[2018-08-15 10:34:45]: 查到的数据: [OrderedDict([('tableName', 'htg_activity')]), OrderedDict([('tableName', 'htg_activity_enroll_copy1')]), OrderedDict([('tableName', 'htg_daily_service_base')]), OrderedDict([('tableName', 'htg_face_log')]), OrderedDict([('tableName', 'htg_holiday_date')]), OrderedDict([('tableName', 'htg_shop')]), OrderedDict([('tableName', 'oss_base_area')])]
[2018-08-15 10:34:45]: 查询得到的表个数: 7
[2018-08-15 10:34:45]: 已为主面板中的复选列表框设置内容项, arrItems: ['htg_activity', 'htg_activity_enroll_copy1', 'htg_daily_service_base', 'htg_face_log', 'htg_holiday_date', 'htg_shop', 'oss_base_area']
[2018-08-15 10:34:45]: 总共元素个数为: 7
[2018-08-15 10:34:45]: <class 'wx._core.ComboBox'>
[2018-08-15 10:34:47]: press in 107-确认导出
[2018-08-15 10:34:47]: 配置文件中读取到的配置有: {'type': 'md', 'name': 'test-180814-1', 'port': '3306', 'path': 'D:\\Test\\export\\DBProduce', 'host': '127.0.0.1', 'user': 'root', 'password': 'cg082702'}
[2018-08-15 10:34:47]: 未选中需要执行导出的表
[2018-08-15 10:34:48]: press in 301-确定
[2018-08-15 10:34:51]: press in 5006-退出
[2018-08-15 10:34:52]: press in 302-确定
[2018-08-15 10:34:52]: booleanGetTailExit: True
[2018-08-15 10:34:52]: threading event is set, 线程将退出
[2018-08-15 10:34:52]: 数据库连接已关闭
[2018-08-15 10:34:52]: 程序退出
[2018-08-15 10:36:47]: 日志文件: logs\2018-08-15.log
[2018-08-15 10:36:47]: 检测到系统中已经安装wx模块
[2018-08-15 10:36:47]: 检测到系统中已经安装pymysql模块
[2018-08-15 10:36:47]: 执行环境完全, 将选择启动程序
[2018-08-15 10:36:47]: 检测到为windows系统(Windows-10-10.0.17134-SP0)
[2018-08-15 10:36:47]: 检测结果intIndex: 1
[2018-08-15 10:36:47]: 配置文件已经存在(conf\dbp.conf)
[2018-08-15 10:36:47]: 执行启动界面...
[2018-08-15 10:36:47]: 将启动子线程thread-log(读取渲染日志内容)
[2018-08-15 10:36:47]: 子线程thread-log已启动
[2018-08-15 10:36:50]: press in 5006-退出
[2018-08-15 10:36:54]: press in 303-取消
[2018-08-15 10:39:43]: press in 5006-退出
[2018-08-15 10:39:43]: press in 302-确定
[2018-08-15 10:39:43]: booleanGetTailExit: True
[2018-08-15 10:39:43]: threading event is set, 线程将退出
[2018-08-15 10:39:44]: 程序退出
[2018-08-15 10:39:46]: 日志文件: logs\2018-08-15.log
[2018-08-15 10:39:47]: 检测到系统中已经安装wx模块
[2018-08-15 10:39:47]: 检测到系统中已经安装pymysql模块
[2018-08-15 10:39:47]: 执行环境完全, 将选择启动程序
[2018-08-15 10:39:47]: 检测到为windows系统(Windows-10-10.0.17134-SP0)
[2018-08-15 10:39:47]: 检测结果intIndex: 1
[2018-08-15 10:39:47]: 配置文件已经存在(conf\dbp.conf)
[2018-08-15 10:39:47]: 执行启动界面...
[2018-08-15 10:39:47]: 将启动子线程thread-log(读取渲染日志内容)
[2018-08-15 10:39:47]: 子线程thread-log已启动
[2018-08-15 10:40:07]: press in 5006-退出
[2018-08-15 10:40:08]: press in 302-确定
[2018-08-15 10:40:08]: booleanGetTailExit: True
[2018-08-15 10:40:08]: threading event is set, 线程将退出
[2018-08-15 10:40:09]: 程序退出
[2018-08-15 11:01:26]: 日志文件: logs\2018-08-15.log
[2018-08-15 11:01:26]: 检测到系统中已经安装wx模块
[2018-08-15 11:01:26]: 检测到系统中已经安装pymysql模块
[2018-08-15 11:01:26]: 执行环境完全, 将选择启动程序
[2018-08-15 11:01:26]: 检测到为windows系统(Windows-10-10.0.17134-SP0)
[2018-08-15 11:01:26]: 检测结果intIndex: 1
[2018-08-15 11:01:26]: 配置文件已经存在(conf\dbp.conf)
[2018-08-15 11:01:26]: 执行启动界面...
[2018-08-15 11:01:27]: 将启动子线程thread-log(读取渲染日志内容)
[2018-08-15 11:01:27]: 子线程thread-log已启动
[2018-08-15 11:02:59]: 日志文件: logs\2018-08-15.log
[2018-08-15 11:03:00]: 检测到系统中已经安装wx模块
[2018-08-15 11:03:00]: 检测到系统中已经安装pymysql模块
[2018-08-15 11:03:00]: 执行环境完全, 将选择启动程序
[2018-08-15 11:03:00]: 检测到为windows系统(Windows-10-10.0.17134-SP0)
[2018-08-15 11:03:00]: 检测结果intIndex: 1
[2018-08-15 11:03:00]: 配置文件已经存在(conf\dbp.conf)
[2018-08-15 11:03:00]: 执行启动界面...
[2018-08-15 11:03:00]: 将启动子线程thread-log(读取渲染日志内容)
[2018-08-15 11:03:00]: 子线程thread-log已启动
[2018-08-15 11:03:17]: press in 5006-退出
[2018-08-15 11:03:18]: press in 302-确定
[2018-08-15 11:03:18]: booleanGetTailExit: True
[2018-08-15 11:03:18]: threading event is set, 线程将退出
[2018-08-15 11:03:18]: 程序退出
[2018-08-15 11:04:19]: 日志文件: logs\2018-08-15.log
[2018-08-15 11:04:19]: 检测到系统中已经安装wx模块
[2018-08-15 11:04:19]: 检测到系统中已经安装pymysql模块
[2018-08-15 11:04:19]: 执行环境完全, 将选择启动程序
[2018-08-15 11:04:19]: 检测到为windows系统(Windows-10-10.0.17134-SP0)
[2018-08-15 11:04:19]: 检测结果intIndex: 1
[2018-08-15 11:04:19]: 配置文件已经存在(conf\dbp.conf)
[2018-08-15 11:04:19]: 执行启动界面...
[2018-08-15 11:04:19]: 将启动子线程thread-log(读取渲染日志内容)
[2018-08-15 11:04:19]: 子线程thread-log已启动
[2018-08-15 11:04:31]: booleanGetTailExit: True
[2018-08-15 11:04:31]: threading event is set, 线程将退出
[2018-08-15 11:04:31]: 程序退出
[2018-08-15 11:07:17]: 日志文件: logs\2018-08-15.log
[2018-08-15 11:07:17]: 检测到系统中已经安装wx模块
[2018-08-15 11:07:17]: 检测到系统中已经安装pymysql模块
[2018-08-15 11:07:17]: 执行环境完全, 将选择启动程序
[2018-08-15 11:07:18]: 检测到为windows系统(Windows-10-10.0.17134-SP0)
[2018-08-15 11:07:18]: 检测结果intIndex: 1
[2018-08-15 11:07:18]: 配置文件已经存在(conf\dbp.conf)
[2018-08-15 11:07:18]: 执行启动界面...
[2018-08-15 11:07:18]: 将启动子线程thread-log(读取渲染日志内容)
[2018-08-15 11:07:18]: 子线程thread-log已启动
[2018-08-15 11:07:34]: booleanGetTailExit: True
[2018-08-15 11:07:34]: threading event is set, 线程将退出
[2018-08-15 11:07:34]: 程序退出
[2018-08-15 11:09:41]: 日志文件: logs\2018-08-15.log
[2018-08-15 11:09:41]: 检测到系统中已经安装wx模块
[2018-08-15 11:09:41]: 检测到系统中已经安装pymysql模块
[2018-08-15 11:09:41]: 执行环境完全, 将选择启动程序
[2018-08-15 11:09:41]: 检测到为windows系统(Windows-10-10.0.17134-SP0)
[2018-08-15 11:09:41]: 检测结果intIndex: 1
[2018-08-15 11:09:41]: 配置文件已经存在(conf\dbp.conf)
[2018-08-15 11:09:41]: 执行启动界面...
[2018-08-15 11:09:41]: 将启动子线程thread-log(读取渲染日志内容)
[2018-08-15 11:09:42]: 子线程thread-log已启动
[2018-08-15 11:09:52]: press in 5006-退出
[2018-08-15 11:09:53]: press in 302-确定
[2018-08-15 11:09:53]: booleanGetTailExit: True
[2018-08-15 11:09:53]: threading event is set, 线程将退出
[2018-08-15 11:09:54]: 程序退出
[2018-08-15 11:25:27]: 日志文件: logs\2018-08-15.log
[2018-08-15 11:25:28]: 检测到系统中已经安装wx模块
[2018-08-15 11:25:28]: 检测到系统中已经安装pymysql模块
[2018-08-15 11:25:28]: 执行环境完全, 将选择启动程序
[2018-08-15 11:25:28]: 检测到为windows系统(Windows-10-10.0.17134-SP0)
[2018-08-15 11:25:28]: 检测结果intIndex: 1
[2018-08-15 11:25:28]: 配置文件已经存在(conf\dbp.conf)
[2018-08-15 11:25:28]: 执行启动界面...
[2018-08-15 11:25:28]: 将启动子线程thread-log(读取渲染日志内容)
[2018-08-15 11:25:28]: 子线程thread-log已启动
[2018-08-15 11:25:34]: press in 101-连接
[2018-08-15 11:25:34]: 配置文件中读取到的配置有: {'password': 'cg082702', 'port': '3306', 'type': 'md', 'path': 'D:\\Test\\export\\DBProduce', 'name': 'test-180814-1', 'host': '127.0.0.1', 'user': 'root'}
[2018-08-15 11:25:36]: press in 207-取消
[2018-08-15 11:25:39]: press in 5006-退出
[2018-08-15 11:25:40]: press in 302-确定
[2018-08-15 11:25:40]: booleanGetTailExit: True
[2018-08-15 11:25:40]: threading event is set, 线程将退出
[2018-08-15 11:25:40]: 程序退出
[2018-08-15 11:55:28]: 日志文件: logs\2018-08-15.log
[2018-08-15 11:55:29]: 检测到系统中已经安装wx模块
[2018-08-15 11:55:29]: 检测到系统中已经安装pymysql模块
[2018-08-15 11:55:29]: 执行环境完全, 将选择启动程序
[2018-08-15 11:55:29]: 检测到为windows系统(Windows-10-10.0.17134-SP0)
[2018-08-15 11:55:29]: 检测结果intIndex: 1
[2018-08-15 11:55:29]: 配置文件已经存在(conf\dbp.conf)
[2018-08-15 11:55:29]: 执行启动界面...
[2018-08-15 11:55:29]: 将启动子线程thread-log(读取渲染日志内容)
[2018-08-15 11:55:29]: 子线程thread-log已启动
[2018-08-15 11:55:33]: press in 5006-退出
[2018-08-15 11:55:34]: press in 302-确定
[2018-08-15 11:55:34]: booleanGetTailExit: True
[2018-08-15 11:55:34]: threading event is set, 线程将退出
[2018-08-15 11:55:34]: 程序退出
[2018-08-15 11:55:39]: 日志文件: logs\2018-08-15.log
[2018-08-15 11:55:39]: 检测到系统中已经安装wx模块
[2018-08-15 11:55:39]: 检测到系统中已经安装pymysql模块
[2018-08-15 11:55:39]: 执行环境完全, 将选择启动程序
[2018-08-15 11:55:39]: 检测到为windows系统(Windows-10-10.0.17134-SP0)
[2018-08-15 11:55:39]: 检测结果intIndex: 1
[2018-08-15 11:55:39]: 配置文件已经存在(conf\dbp.conf)
[2018-08-15 11:55:39]: 执行启动界面...
[2018-08-15 11:55:39]: 将启动子线程thread-log(读取渲染日志内容)
[2018-08-15 11:55:39]: 子线程thread-log已启动
[2018-08-15 11:55:43]: press in 5006-退出
[2018-08-15 11:55:44]: press in 302-确定
[2018-08-15 11:55:44]: booleanGetTailExit: True
[2018-08-15 11:55:44]: threading event is set, 线程将退出
[2018-08-15 11:55:44]: 程序退出
[2018-08-15 11:56:55]: 日志文件: logs\2018-08-15.log
[2018-08-15 11:56:56]: 检测到系统中已经安装wx模块
[2018-08-15 11:56:56]: 检测到系统中已经安装pymysql模块
[2018-08-15 11:56:56]: 执行环境完全, 将选择启动程序
[2018-08-15 11:56:56]: 检测到为windows系统(Windows-10-10.0.17134-SP0)
[2018-08-15 11:56:56]: 检测结果intIndex: 1
[2018-08-15 11:56:56]: 配置文件已经存在(conf\dbp.conf)
[2018-08-15 11:56:56]: 执行启动界面...
[2018-08-15 11:56:56]: 将启动子线程thread-log(读取渲染日志内容)
[2018-08-15 11:56:56]: 子线程thread-log已启动
[2018-08-15 11:57:22]: booleanGetTailExit: True
[2018-08-15 11:57:22]: threading event is set, 线程将退出
[2018-08-15 11:57:22]: 程序退出
[2018-08-15 11:58:35]: 日志文件: logs\2018-08-15.log
[2018-08-15 11:58:35]: 检测到系统中已经安装wx模块
[2018-08-15 11:58:35]: 检测到系统中已经安装pymysql模块
[2018-08-15 11:58:35]: 执行环境完全, 将选择启动程序
[2018-08-15 11:58:35]: 检测到为windows系统(Windows-10-10.0.17134-SP0)
[2018-08-15 11:58:35]: 检测结果intIndex: 1
[2018-08-15 11:58:35]: 配置文件已经存在(conf\dbp.conf)
[2018-08-15 11:58:35]: 执行启动界面...
[2018-08-15 11:58:35]: 将启动子线程thread-log(读取渲染日志内容)
[2018-08-15 11:58:36]: 子线程thread-log已启动
[2018-08-15 11:58:39]: booleanGetTailExit: True
[2018-08-15 11:58:39]: threading event is set, 线程将退出
[2018-08-15 11:58:39]: 程序退出
[2018-08-15 14:09:42]: 日志文件: logs\2018-08-15.log
[2018-08-15 14:09:43]: 检测到系统中已经安装wx模块
[2018-08-15 14:09:43]: 检测到系统中已经安装pymysql模块
[2018-08-15 14:09:43]: 执行环境完全, 将选择启动程序
[2018-08-15 14:09:43]: 检测到为windows系统(Windows-10-10.0.17134-SP0)
[2018-08-15 14:09:43]: 检测结果intIndex: 1
[2018-08-15 14:09:43]: 配置文件已经存在(conf\dbp.conf)
[2018-08-15 14:09:43]: 执行启动界面...
[2018-08-15 14:09:43]: 将启动子线程thread-log(读取渲染日志内容)
[2018-08-15 14:09:43]: 子线程thread-log已启动
[2018-08-15 14:09:46]: press in 5006-退出
[2018-08-15 14:09:47]: press in 302-确定
[2018-08-15 14:09:47]: booleanGetTailExit: True
[2018-08-15 14:09:47]: threading event is set, 线程将退出
[2018-08-15 14:09:47]: 程序退出
[2018-08-15 14:32:31]: 日志文件: logs\2018-08-15.log
[2018-08-15 14:32:31]: 检测到系统中已经安装wx模块
[2018-08-15 14:32:31]: 检测到系统中已经安装pymysql模块
[2018-08-15 14:32:31]: 执行环境完全, 将选择启动程序
[2018-08-15 14:32:31]: 检测到为windows系统(Windows-10-10.0.17134-SP0)
[2018-08-15 14:32:31]: 检测结果intIndex: 1
[2018-08-15 14:32:31]: 配置文件已经存在(conf\dbp.conf)
[2018-08-15 14:32:31]: 执行启动界面...
[2018-08-15 14:32:32]: 将启动子线程thread-log(读取渲染日志内容)
[2018-08-15 14:32:32]: 子线程thread-log已启动
[2018-08-15 14:32:39]: press in 5006-退出
[2018-08-15 14:32:40]: press in 302-确定
[2018-08-15 14:32:40]: booleanGetTailExit: True
[2018-08-15 14:32:40]: threading event is set, 线程将退出
[2018-08-15 14:32:40]: 程序退出
[2018-08-15 15:07:19]: 日志文件: logs\2018-08-15.log
[2018-08-15 15:07:19]: 检测到系统中已经安装wx模块
[2018-08-15 15:07:19]: 检测到系统中已经安装pymysql模块
[2018-08-15 15:07:19]: 执行环境完全, 将选择启动程序
[2018-08-15 15:07:19]: 检测到为windows系统(Windows-10-10.0.17134-SP0)
[2018-08-15 15:07:19]: 检测结果intIndex: 1
[2018-08-15 15:07:19]: 配置文件已经存在(conf\dbp.conf)
[2018-08-15 15:07:19]: 执行启动界面...
[2018-08-15 15:07:20]: 将启动子线程thread-log(读取渲染日志内容)
[2018-08-15 15:07:20]: 子线程thread-log已启动
[2018-08-15 15:07:25]: press in 5006-退出
[2018-08-15 15:07:26]: press in 302-确定
[2018-08-15 15:07:26]: booleanGetTailExit: True
[2018-08-15 15:07:26]: threading event is set, 线程将退出
[2018-08-15 15:07:27]: 程序退出
[2018-08-15 16:14:44]: 日志文件: logs\2018-08-15.log
[2018-08-15 16:14:44]: 检测到系统中已经安装wx模块
[2018-08-15 16:14:44]: 检测到系统中已经安装pymysql模块
[2018-08-15 16:14:44]: 执行环境完全, 将选择启动程序
[2018-08-15 16:14:44]: 检测到为windows系统(Windows-10-10.0.17134-SP0)
[2018-08-15 16:14:44]: 检测结果intIndex: 1
[2018-08-15 16:14:44]: 配置文件已经存在(conf\dbp.conf)
[2018-08-15 16:14:44]: 执行启动界面...
[2018-08-15 16:16:21]: 日志文件: logs\2018-08-15.log
[2018-08-15 16:16:21]: 检测到系统中已经安装wx模块
[2018-08-15 16:16:21]: 检测到系统中已经安装pymysql模块
[2018-08-15 16:16:21]: 执行环境完全, 将选择启动程序
[2018-08-15 16:16:21]: 检测到为windows系统(Windows-10-10.0.17134-SP0)
[2018-08-15 16:16:21]: 检测结果intIndex: 1
[2018-08-15 16:16:21]: 配置文件已经存在(conf\dbp.conf)
[2018-08-15 16:16:21]: 执行启动界面...
[2018-08-15 16:16:21]: 将启动子线程thread-log(读取渲染日志内容)
[2018-08-15 16:16:21]: 子线程thread-log已启动
[2018-08-15 16:16:30]: press in 5006-退出
[2018-08-15 16:16:31]: press in 302-确定
[2018-08-15 16:16:31]: booleanGetTailExit: True
[2018-08-15 16:16:31]: threading event is set, 线程将退出
[2018-08-15 16:16:31]: 程序退出
[2018-08-15 16:54:11]: 日志文件: logs\2018-08-15.log
[2018-08-15 16:54:11]: 检测到系统中已经安装wx模块
[2018-08-15 16:54:11]: 检测到系统中已经安装pymysql模块
[2018-08-15 16:54:11]: 执行环境完全, 将选择启动程序
[2018-08-15 16:54:11]: 检测到为windows系统(Windows-10-10.0.17134-SP0)
[2018-08-15 16:54:11]: 检测结果intIndex: 1
[2018-08-15 16:54:11]: 配置文件已经存在(conf\dbp.conf)
[2018-08-15 16:54:11]: 执行启动界面...
[2018-08-15 16:54:12]: 将启动子线程thread-log(读取渲染日志内容)
[2018-08-15 16:54:12]: 子线程thread-log已启动
[2018-08-15 16:54:13]: press in 101-连接
[2018-08-15 16:54:13]: 配置文件中读取到的配置有: {'port': '3306', 'name': 'test-180814-1', 'type': 'md', 'host': '127.0.0.1', 'path': 'D:\\Test\\export\\DBProduce', 'user': 'root', 'password': 'cg082702'}
[2018-08-15 16:54:14]: press in 206-确定
[2018-08-15 16:54:14]: 数据库已连接
[2018-08-15 16:54:15]: searchValuesObj.connectionMysqlObj: <pymysql.connections.Connection object at 0x000001DC85542630>
[2018-08-15 16:54:15]: 数据库连接成功
[2018-08-15 16:54:15]: 执行数据库查询语句: /*
describe: get total database name
author: cg
create time: 2018-08-09
*/


SELECT
	`SCHEMA_NAME` AS databaseName
FROM
	`information_schema`.`SCHEMATA`
[2018-08-15 16:54:15]: 查到的数据: [OrderedDict([('databaseName', 'information_schema')]), OrderedDict([('databaseName', 'blog')]), OrderedDict([('databaseName', 'do_myself')]), OrderedDict([('databaseName', 'htg-dev-local')]), OrderedDict([('databaseName', 'htg-for-test')]), OrderedDict([('databaseName', 'mysql')]), OrderedDict([('databaseName', 'performance_schema')]), OrderedDict([('databaseName', 'sakila')]), OrderedDict([('databaseName', 'sys')]), OrderedDict([('databaseName', 'world')])]
[2018-08-15 16:54:15]: 查询得到的库的个数: 10
[2018-08-15 16:54:15]: 已为主面板中的下拉框设置内容项, arrItems: ['information_schema', 'blog', 'do_myself', 'htg-dev-local', 'htg-for-test', 'mysql', 'performance_schema', 'sakila', 'sys', 'world']
[2018-08-15 16:54:15]: 总共元素个数为: 10
[2018-08-15 16:54:34]: press in 5006-退出
[2018-08-15 16:54:35]: press in 302-确定
[2018-08-15 16:54:35]: booleanGetTailExit: True
[2018-08-15 16:54:35]: threading event is set, 线程将退出
[2018-08-15 16:54:35]: 数据库连接已关闭
[2018-08-15 16:54:35]: 程序退出
[2018-08-15 16:54:37]: 日志文件: logs\2018-08-15.log
[2018-08-15 16:54:38]: 检测到系统中已经安装wx模块
[2018-08-15 16:54:38]: 检测到系统中已经安装pymysql模块
[2018-08-15 16:54:38]: 执行环境完全, 将选择启动程序
[2018-08-15 16:54:38]: 检测到为windows系统(Windows-10-10.0.17134-SP0)
[2018-08-15 16:54:38]: 检测结果intIndex: 1
[2018-08-15 16:54:38]: 配置文件已经存在(conf\dbp.conf)
[2018-08-15 16:54:38]: 执行启动界面...
[2018-08-15 16:54:38]: 将启动子线程thread-log(读取渲染日志内容)
[2018-08-15 16:54:38]: 子线程thread-log已启动
[2018-08-15 16:54:40]: press in 101-连接
[2018-08-15 16:54:40]: 配置文件中读取到的配置有: {'host': '', 'port': '', 'path': 'D:\\Test\\export\\DBProduce', 'type': 'md', 'user': '', 'name': 'test-180814-1', 'password': ''}
[2018-08-15 16:54:41]: press in 206-确定
[2018-08-15 16:54:41]: 请重新检查数据库配置(可能配置出错或者网络出错)
[2018-08-15 16:54:41]: 连接出错
[2018-08-15 16:54:41]: 数据库连接失败
[2018-08-15 16:54:42]: press in 301-确定
[2018-08-15 16:54:43]: press in 205-测试连接
[2018-08-15 16:54:43]: 请重新检查数据库配置(可能配置出错或者网络出错)
[2018-08-15 16:54:43]: 连接出错
[2018-08-15 16:54:44]: press in 301-确定
[2018-08-15 16:54:46]: press in 207-取消
[2018-08-15 17:04:00]: press in 5006-退出
[2018-08-15 17:04:01]: press in 302-确定
[2018-08-15 17:04:01]: booleanGetTailExit: True
[2018-08-15 17:04:01]: threading event is set, 线程将退出
[2018-08-15 17:04:02]: 程序退出
[2018-08-15 17:09:58]: 日志文件: logs\2018-08-15.log
[2018-08-15 17:09:58]: 检测到系统中已经安装wx模块
[2018-08-15 17:09:58]: 检测到系统中已经安装pymysql模块
[2018-08-15 17:09:58]: 执行环境完全, 将选择启动程序
[2018-08-15 17:09:58]: 检测到为windows系统(Windows-10-10.0.17134-SP0)
[2018-08-15 17:09:58]: 检测结果intIndex: 1
[2018-08-15 17:09:58]: 配置文件已经存在(conf\dbp.conf)
[2018-08-15 17:09:58]: 执行启动界面...
[2018-08-15 17:09:58]: 将启动子线程thread-log(读取渲染日志内容)
[2018-08-15 17:09:58]: 子线程thread-log已启动
[2018-08-15 17:10:00]: press in 101-连接
[2018-08-15 17:10:00]: 配置文件中读取到的配置有: {'host': '', 'path': 'D:\\Test\\export\\DBProduce', 'name': 'test-180814-1', 'user': '', 'password': '', 'type': 'md', 'port': ''}
[2018-08-15 17:10:02]: press in 206-确定
[2018-08-15 17:10:19]: press in 207-取消
[2018-08-15 17:11:47]: press in 5006-退出
[2018-08-15 17:11:48]: press in 302-确定
[2018-08-15 17:11:48]: booleanGetTailExit: True
[2018-08-15 17:11:48]: threading event is set, 线程将退出
[2018-08-15 17:11:48]: 程序退出
[2018-08-15 17:11:50]: 日志文件: logs\2018-08-15.log
[2018-08-15 17:11:50]: 检测到系统中已经安装wx模块
[2018-08-15 17:11:50]: 检测到系统中已经安装pymysql模块
[2018-08-15 17:11:50]: 执行环境完全, 将选择启动程序
[2018-08-15 17:11:50]: 检测到为windows系统(Windows-10-10.0.17134-SP0)
[2018-08-15 17:11:50]: 检测结果intIndex: 1
[2018-08-15 17:11:50]: 配置文件已经存在(conf\dbp.conf)
[2018-08-15 17:11:50]: 执行启动界面...
[2018-08-15 17:11:51]: 将启动子线程thread-log(读取渲染日志内容)
[2018-08-15 17:11:51]: 子线程thread-log已启动
[2018-08-15 17:11:53]: press in 101-连接
[2018-08-15 17:11:53]: 配置文件中读取到的配置有: {'host': '', 'type': 'md', 'user': '', 'name': 'test-180814-1', 'port': '', 'path': 'D:\\Test\\export\\DBProduce', 'password': ''}
[2018-08-15 17:11:54]: press in 206-确定
[2018-08-15 17:12:16]: press in 207-取消
[2018-08-15 17:12:18]: press in 5006-退出
[2018-08-15 17:12:19]: press in 302-确定
[2018-08-15 17:12:19]: booleanGetTailExit: True
[2018-08-15 17:12:19]: threading event is set, 线程将退出
[2018-08-15 17:12:20]: 程序退出
[2018-08-15 17:12:21]: 日志文件: logs\2018-08-15.log
[2018-08-15 17:12:21]: 检测到系统中已经安装wx模块
[2018-08-15 17:12:21]: 检测到系统中已经安装pymysql模块
[2018-08-15 17:12:21]: 执行环境完全, 将选择启动程序
[2018-08-15 17:12:21]: 检测到为windows系统(Windows-10-10.0.17134-SP0)
[2018-08-15 17:12:21]: 检测结果intIndex: 1
[2018-08-15 17:12:21]: 配置文件已经存在(conf\dbp.conf)
[2018-08-15 17:12:21]: 执行启动界面...
[2018-08-15 17:12:21]: 将启动子线程thread-log(读取渲染日志内容)
[2018-08-15 17:12:22]: 子线程thread-log已启动
[2018-08-15 17:12:25]: press in 101-连接
[2018-08-15 17:12:25]: 配置文件中读取到的配置有: {'port': '', 'type': 'md', 'password': '', 'user': '', 'host': '', 'path': 'D:\\Test\\export\\DBProduce', 'name': 'test-180814-1'}
[2018-08-15 17:12:26]: press in 206-确定
[2018-08-15 17:12:26]: 
[2018-08-15 17:12:26]: 请输入完全
[2018-08-15 17:12:26]: 数据库连接失败
[2018-08-15 17:12:32]: press in 301-确定
[2018-08-15 17:12:37]: press in 207-取消
[2018-08-15 17:12:39]: press in 101-连接
[2018-08-15 17:12:39]: 配置文件中读取到的配置有: {'port': '', 'type': 'md', 'password': '', 'user': '', 'host': '', 'path': 'D:\\Test\\export\\DBProduce', 'name': 'test-180814-1'}
[2018-08-15 17:12:40]: press in 205-测试连接
[2018-08-15 17:12:40]: 
[2018-08-15 17:12:40]: 请输入完全
[2018-08-15 17:12:42]: press in 301-确定
[2018-08-15 17:12:43]: press in 207-取消
[2018-08-15 17:12:45]: press in 5006-退出
[2018-08-15 17:12:45]: press in 302-确定
[2018-08-15 17:12:45]: booleanGetTailExit: True
[2018-08-15 17:12:45]: threading event is set, 线程将退出
[2018-08-15 17:12:46]: 程序退出
[2018-08-15 17:14:19]: 日志文件: logs\2018-08-15.log
[2018-08-15 17:14:19]: 检测到系统中已经安装wx模块
[2018-08-15 17:14:19]: 检测到系统中已经安装pymysql模块
[2018-08-15 17:14:19]: 执行环境完全, 将选择启动程序
[2018-08-15 17:14:19]: 检测到为windows系统(Windows-10-10.0.17134-SP0)
[2018-08-15 17:14:19]: 检测结果intIndex: 1
[2018-08-15 17:14:19]: 配置文件已经存在(conf\dbp.conf)
[2018-08-15 17:14:19]: 执行启动界面...
[2018-08-15 17:14:19]: 将启动子线程thread-log(读取渲染日志内容)
[2018-08-15 17:14:19]: 子线程thread-log已启动
[2018-08-15 17:14:21]: press in 101-连接
[2018-08-15 17:14:21]: 配置文件中读取到的配置有: {'password': '', 'user': '', 'host': '', 'type': 'md', 'name': 'test-180814-1', 'port': '', 'path': 'D:\\Test\\export\\DBProduce'}
[2018-08-15 17:14:22]: press in 206-确定
[2018-08-15 17:14:22]: 
[2018-08-15 17:14:22]: 请输入完全
[2018-08-15 17:14:23]: press in 301-确定
[2018-08-15 17:14:23]: 数据库连接失败
[2018-08-15 17:14:25]: press in 301-确定
[2018-08-15 17:18:02]: press in 206-确定
[2018-08-15 17:18:02]: 
[2018-08-15 17:18:02]: 请输入完全
[2018-08-15 17:18:03]: press in 301-确定
[2018-08-15 17:18:03]: 数据库连接失败
[2018-08-15 17:18:04]: press in 301-确定
[2018-08-15 17:19:22]: press in 206-确定
[2018-08-15 17:19:22]: 
[2018-08-15 17:19:22]: 请输入完全
[2018-08-15 17:19:24]: press in 301-确定
[2018-08-15 17:19:24]: 数据库连接失败
[2018-08-15 17:19:25]: press in 301-确定
[2018-08-15 17:19:27]: press in 207-取消
[2018-08-15 17:43:56]: press in 101-连接
[2018-08-15 17:43:56]: 配置文件中读取到的配置有: {'password': '', 'user': '', 'host': '', 'type': 'md', 'name': 'test-180814-1', 'port': '', 'path': 'D:\\Test\\export\\DBProduce'}
[2018-08-15 17:43:57]: press in 206-确定
[2018-08-15 17:43:57]: 
[2018-08-15 17:43:57]: 请输入完全
[2018-08-15 17:43:58]: press in 301-确定
[2018-08-15 17:43:58]: 数据库连接失败
[2018-08-15 17:43:59]: press in 301-确定
[2018-08-15 17:44:00]: press in 207-取消
[2018-08-15 17:46:40]: press in 5006-退出
[2018-08-15 17:46:40]: press in 302-确定
[2018-08-15 17:46:40]: booleanGetTailExit: True
[2018-08-15 17:46:40]: threading event is set, 线程将退出
[2018-08-15 17:46:41]: 程序退出
[2018-08-15 17:46:43]: 日志文件: logs\2018-08-15.log
[2018-08-15 17:46:43]: 检测到系统中已经安装wx模块
[2018-08-15 17:46:43]: 检测到系统中已经安装pymysql模块
[2018-08-15 17:46:43]: 执行环境完全, 将选择启动程序
[2018-08-15 17:46:43]: 检测到为windows系统(Windows-10-10.0.17134-SP0)
[2018-08-15 17:46:43]: 检测结果intIndex: 1
[2018-08-15 17:46:43]: 配置文件已经存在(conf\dbp.conf)
[2018-08-15 17:46:43]: 执行启动界面...
[2018-08-15 17:46:43]: 将启动子线程thread-log(读取渲染日志内容)
[2018-08-15 17:46:43]: 子线程thread-log已启动
[2018-08-15 17:46:46]: press in 101-连接
[2018-08-15 17:46:46]: 配置文件中读取到的配置有: {'password': '', 'port': '', 'user': '', 'name': 'test-180814-1', 'type': 'md', 'path': 'D:\\Test\\export\\DBProduce', 'host': ''}
[2018-08-15 17:46:47]: press in 206-确定
[2018-08-15 17:46:47]: 
[2018-08-15 17:47:14]: press in 207-取消
[2018-08-15 17:47:16]: press in 5006-退出
[2018-08-15 17:47:17]: press in 302-确定
[2018-08-15 17:47:17]: booleanGetTailExit: True
[2018-08-15 17:47:17]: threading event is set, 线程将退出
[2018-08-15 17:47:17]: 程序退出
[2018-08-15 17:47:19]: 日志文件: logs\2018-08-15.log
[2018-08-15 17:47:19]: 检测到系统中已经安装wx模块
[2018-08-15 17:47:19]: 检测到系统中已经安装pymysql模块
[2018-08-15 17:47:19]: 执行环境完全, 将选择启动程序
[2018-08-15 17:47:19]: 检测到为windows系统(Windows-10-10.0.17134-SP0)
[2018-08-15 17:47:19]: 检测结果intIndex: 1
[2018-08-15 17:47:19]: 配置文件已经存在(conf\dbp.conf)
[2018-08-15 17:47:19]: 执行启动界面...
[2018-08-15 17:47:20]: 将启动子线程thread-log(读取渲染日志内容)
[2018-08-15 17:47:20]: 子线程thread-log已启动
[2018-08-15 17:47:21]: press in 101-连接
[2018-08-15 17:47:22]: 配置文件中读取到的配置有: {'password': '', 'type': 'md', 'port': '', 'host': '', 'name': 'test-180814-1', 'user': '', 'path': 'D:\\Test\\export\\DBProduce'}
[2018-08-15 17:47:23]: press in 206-确定
[2018-08-15 17:47:23]: 
[2018-08-15 17:47:23]: 请将数据库信息配置完全
[2018-08-15 17:47:23]: 请重新检查数据库配置(可能配置出错或者网络出错)
[2018-08-15 17:47:23]: 连接出错
[2018-08-15 17:47:23]: 数据库连接失败
[2018-08-15 17:47:33]: press in 301-确定
[2018-08-15 17:47:40]: press in 207-取消
[2018-08-15 17:47:41]: press in 5006-退出
[2018-08-15 17:47:42]: press in 302-确定
[2018-08-15 17:47:42]: booleanGetTailExit: True
[2018-08-15 17:47:42]: threading event is set, 线程将退出
[2018-08-15 17:47:43]: 程序退出
[2018-08-15 17:48:10]: 日志文件: logs\2018-08-15.log
[2018-08-15 17:48:10]: 检测到系统中已经安装wx模块
[2018-08-15 17:48:10]: 检测到系统中已经安装pymysql模块
[2018-08-15 17:48:10]: 执行环境完全, 将选择启动程序
[2018-08-15 17:48:10]: 检测到为windows系统(Windows-10-10.0.17134-SP0)
[2018-08-15 17:48:10]: 检测结果intIndex: 1
[2018-08-15 17:48:10]: 配置文件已经存在(conf\dbp.conf)
[2018-08-15 17:48:10]: 执行启动界面...
[2018-08-15 17:48:10]: 将启动子线程thread-log(读取渲染日志内容)
[2018-08-15 17:48:10]: 子线程thread-log已启动
[2018-08-15 17:48:12]: press in 101-连接
[2018-08-15 17:48:12]: 配置文件中读取到的配置有: {'port': '', 'host': '', 'user': '', 'type': 'md', 'path': 'D:\\Test\\export\\DBProduce', 'password': '', 'name': 'test-180814-1'}
[2018-08-15 17:48:14]: press in 206-确定
[2018-08-15 17:48:14]: 
[2018-08-15 17:48:14]: 请将数据库信息配置完全
[2018-08-15 17:48:20]: press in 207-取消
[2018-08-15 17:49:08]: press in 5006-退出
[2018-08-15 17:49:09]: press in 302-确定
[2018-08-15 17:49:09]: booleanGetTailExit: True
[2018-08-15 17:49:09]: threading event is set, 线程将退出
[2018-08-15 17:49:09]: 程序退出
[2018-08-15 17:49:12]: 日志文件: logs\2018-08-15.log
[2018-08-15 17:49:12]: 检测到系统中已经安装wx模块
[2018-08-15 17:49:12]: 检测到系统中已经安装pymysql模块
[2018-08-15 17:49:12]: 执行环境完全, 将选择启动程序
[2018-08-15 17:49:12]: 检测到为windows系统(Windows-10-10.0.17134-SP0)
[2018-08-15 17:49:12]: 检测结果intIndex: 1
[2018-08-15 17:49:12]: 配置文件已经存在(conf\dbp.conf)
[2018-08-15 17:49:12]: 执行启动界面...
[2018-08-15 17:49:12]: 将启动子线程thread-log(读取渲染日志内容)
[2018-08-15 17:49:12]: 子线程thread-log已启动
[2018-08-15 17:49:14]: press in 101-连接
[2018-08-15 17:49:14]: 配置文件中读取到的配置有: {'host': '', 'type': 'md', 'password': '', 'user': '', 'name': 'test-180814-1', 'path': 'D:\\Test\\export\\DBProduce', 'port': ''}
[2018-08-15 17:49:16]: press in 205-测试连接
[2018-08-15 17:49:16]: 
[2018-08-15 17:49:16]: 请将数据库信息配置完全
[2018-08-15 17:49:17]: press in 301-确定
[2018-08-15 17:50:02]: press in 207-取消
[2018-08-15 17:50:03]: press in 101-连接
[2018-08-15 17:50:03]: 配置文件中读取到的配置有: {'host': '', 'type': 'md', 'password': '', 'user': '', 'name': 'test-180814-1', 'path': 'D:\\Test\\export\\DBProduce', 'port': ''}
[2018-08-15 17:50:05]: press in 206-确定
[2018-08-15 17:50:05]: 
[2018-08-15 17:50:05]: 请将数据库信息配置完全
[2018-08-15 17:50:08]: press in 301-确定
[2018-08-15 17:50:09]: press in 207-取消
[2018-08-15 17:50:11]: press in 5006-退出
[2018-08-15 17:50:44]: press in 302-确定
[2018-08-15 17:50:44]: booleanGetTailExit: True
[2018-08-15 17:50:44]: threading event is set, 线程将退出
[2018-08-15 17:50:44]: 程序退出
[2018-08-15 17:50:46]: 日志文件: logs\2018-08-15.log
[2018-08-15 17:50:47]: 检测到系统中已经安装wx模块
[2018-08-15 17:50:47]: 检测到系统中已经安装pymysql模块
[2018-08-15 17:50:47]: 执行环境完全, 将选择启动程序
[2018-08-15 17:50:47]: 检测到为windows系统(Windows-10-10.0.17134-SP0)
[2018-08-15 17:50:47]: 检测结果intIndex: 1
[2018-08-15 17:50:47]: 配置文件已经存在(conf\dbp.conf)
[2018-08-15 17:50:47]: 执行启动界面...
[2018-08-15 17:50:47]: 将启动子线程thread-log(读取渲染日志内容)
[2018-08-15 17:50:47]: 子线程thread-log已启动
[2018-08-15 17:50:49]: press in 101-连接
[2018-08-15 17:50:49]: 配置文件中读取到的配置有: {'type': 'md', 'name': 'test-180814-1', 'path': 'D:\\Test\\export\\DBProduce', 'password': '', 'host': '', 'user': '', 'port': ''}
[2018-08-15 17:50:50]: press in 206-确定
[2018-08-15 17:50:50]: 请将数据库信息配置完全
[2018-08-15 17:50:51]: press in 301-确定
[2018-08-15 17:50:52]: press in 207-取消
[2018-08-15 17:50:53]: press in 101-连接
[2018-08-15 17:50:53]: 配置文件中读取到的配置有: {'type': 'md', 'name': 'test-180814-1', 'path': 'D:\\Test\\export\\DBProduce', 'password': '', 'host': '', 'user': '', 'port': ''}
[2018-08-15 17:50:54]: press in 205-测试连接
[2018-08-15 17:50:54]: 请将数据库信息配置完全
[2018-08-15 17:50:55]: press in 301-确定
[2018-08-15 17:50:57]: press in 207-取消
[2018-08-15 17:50:58]: press in 5006-退出
[2018-08-15 17:50:59]: press in 302-确定
[2018-08-15 17:50:59]: booleanGetTailExit: True
[2018-08-15 17:50:59]: threading event is set, 线程将退出
[2018-08-15 17:51:00]: 程序退出
